{"C:\\Users\\ss\\Desktop\\AIdashboard\\backend\\ai-dashboard-backend\\src\\app.js": {"path":"C:\\Users\\ss\\Desktop\\AIdashboard\\backend\\ai-dashboard-backend\\src\\app.js","statementMap":{"0":{"start":{"line":20,"column":12},"end":{"line":20,"column":21}},"1":{"start":{"line":25,"column":0},"end":{"line":31,"column":2}},"2":{"start":{"line":34,"column":0},"end":{"line":45,"column":2}},"3":{"start":{"line":48,"column":16},"end":{"line":57,"column":2}},"4":{"start":{"line":58,"column":0},"end":{"line":58,"column":17}},"5":{"start":{"line":61,"column":20},"end":{"line":68,"column":2}},"6":{"start":{"line":72,"column":0},"end":{"line":72,"column":41}},"7":{"start":{"line":73,"column":0},"end":{"line":73,"column":63}},"8":{"start":{"line":74,"column":0},"end":{"line":74,"column":24}},"9":{"start":{"line":77,"column":0},"end":{"line":86,"column":3}},"10":{"start":{"line":78,"column":18},"end":{"line":78,"column":28}},"11":{"start":{"line":79,"column":4},"end":{"line":84,"column":7}},"12":{"start":{"line":80,"column":25},"end":{"line":80,"column":43}},"13":{"start":{"line":81,"column":8},"end":{"line":83,"column":10}},"14":{"start":{"line":85,"column":4},"end":{"line":85,"column":11}},"15":{"start":{"line":91,"column":0},"end":{"line":104,"column":3}},"16":{"start":{"line":92,"column":4},"end":{"line":103,"column":7}},"17":{"start":{"line":107,"column":0},"end":{"line":123,"column":3}},"18":{"start":{"line":108,"column":4},"end":{"line":122,"column":5}},"19":{"start":{"line":109,"column":23},"end":{"line":109,"column":56}},"20":{"start":{"line":110,"column":8},"end":{"line":114,"column":11}},"21":{"start":{"line":116,"column":8},"end":{"line":116,"column":60}},"22":{"start":{"line":117,"column":8},"end":{"line":121,"column":11}},"23":{"start":{"line":126,"column":0},"end":{"line":146,"column":3}},"24":{"start":{"line":127,"column":4},"end":{"line":145,"column":7}},"25":{"start":{"line":149,"column":0},"end":{"line":149,"column":46}},"26":{"start":{"line":150,"column":0},"end":{"line":150,"column":34}},"27":{"start":{"line":151,"column":0},"end":{"line":151,"column":32}},"28":{"start":{"line":152,"column":0},"end":{"line":152,"column":43}},"29":{"start":{"line":153,"column":0},"end":{"line":153,"column":37}},"30":{"start":{"line":154,"column":0},"end":{"line":154,"column":49}},"31":{"start":{"line":155,"column":0},"end":{"line":155,"column":35}},"32":{"start":{"line":160,"column":0},"end":{"line":174,"column":3}},"33":{"start":{"line":161,"column":4},"end":{"line":166,"column":7}},"34":{"start":{"line":168,"column":18},"end":{"line":168,"column":56}},"35":{"start":{"line":169,"column":4},"end":{"line":173,"column":7}},"36":{"start":{"line":177,"column":0},"end":{"line":192,"column":3}},"37":{"start":{"line":178,"column":4},"end":{"line":191,"column":7}},"38":{"start":{"line":195,"column":0},"end":{"line":195,"column":18}}},"fnMap":{"0":{"name":"(anonymous_0)","decl":{"start":{"line":77,"column":8},"end":{"line":77,"column":9}},"loc":{"start":{"line":77,"column":28},"end":{"line":86,"column":1}},"line":77},"1":{"name":"(anonymous_1)","decl":{"start":{"line":79,"column":21},"end":{"line":79,"column":22}},"loc":{"start":{"line":79,"column":27},"end":{"line":84,"column":5}},"line":79},"2":{"name":"(anonymous_2)","decl":{"start":{"line":91,"column":13},"end":{"line":91,"column":14}},"loc":{"start":{"line":91,"column":27},"end":{"line":104,"column":1}},"line":91},"3":{"name":"(anonymous_3)","decl":{"start":{"line":107,"column":19},"end":{"line":107,"column":20}},"loc":{"start":{"line":107,"column":39},"end":{"line":123,"column":1}},"line":107},"4":{"name":"(anonymous_4)","decl":{"start":{"line":126,"column":16},"end":{"line":126,"column":17}},"loc":{"start":{"line":126,"column":30},"end":{"line":146,"column":1}},"line":126},"5":{"name":"(anonymous_5)","decl":{"start":{"line":160,"column":8},"end":{"line":160,"column":9}},"loc":{"start":{"line":160,"column":33},"end":{"line":174,"column":1}},"line":160},"6":{"name":"(anonymous_6)","decl":{"start":{"line":177,"column":8},"end":{"line":177,"column":9}},"loc":{"start":{"line":177,"column":22},"end":{"line":192,"column":1}},"line":177}},"branchMap":{"0":{"loc":{"start":{"line":27,"column":16},"end":{"line":27,"column":67}},"type":"binary-expr","locations":[{"start":{"line":27,"column":16},"end":{"line":27,"column":40}},{"start":{"line":27,"column":44},"end":{"line":27,"column":67}}],"line":27},"1":{"loc":{"start":{"line":96,"column":21},"end":{"line":96,"column":58}},"type":"binary-expr","locations":[{"start":{"line":96,"column":21},"end":{"line":96,"column":41}},{"start":{"line":96,"column":45},"end":{"line":96,"column":58}}],"line":96},"2":{"loc":{"start":{"line":169,"column":15},"end":{"line":169,"column":32}},"type":"binary-expr","locations":[{"start":{"line":169,"column":15},"end":{"line":169,"column":25}},{"start":{"line":169,"column":29},"end":{"line":169,"column":32}}],"line":169},"3":{"loc":{"start":{"line":171,"column":17},"end":{"line":171,"column":62}},"type":"cond-expr","locations":[{"start":{"line":171,"column":25},"end":{"line":171,"column":36}},{"start":{"line":171,"column":39},"end":{"line":171,"column":62}}],"line":171},"4":{"loc":{"start":{"line":172,"column":12},"end":{"line":172,"column":41}},"type":"binary-expr","locations":[{"start":{"line":172,"column":12},"end":{"line":172,"column":17}},{"start":{"line":172,"column":21},"end":{"line":172,"column":41}}],"line":172}},"s":{"0":1,"1":1,"2":1,"3":1,"4":1,"5":1,"6":1,"7":1,"8":1,"9":1,"10":66,"11":66,"12":66,"13":66,"14":66,"15":1,"16":0,"17":1,"18":0,"19":0,"20":0,"21":0,"22":0,"23":1,"24":0,"25":1,"26":1,"27":1,"28":1,"29":1,"30":1,"31":1,"32":1,"33":15,"34":15,"35":15,"36":1,"37":0,"38":1},"f":{"0":66,"1":66,"2":0,"3":0,"4":0,"5":15,"6":0},"b":{"0":[1,0],"1":[0,0],"2":[15,15],"3":[0,15],"4":[15,0]},"inputSourceMap":null,"_coverageSchema":"1a1c01bbd47fc00a2c39e90264f33305004495a9","hash":"95030e5eced98c26ffbf777ea4891b99ad3667f9"}
,"C:\\Users\\ss\\Desktop\\AIdashboard\\backend\\ai-dashboard-backend\\src\\config\\database.js": {"path":"C:\\Users\\ss\\Desktop\\AIdashboard\\backend\\ai-dashboard-backend\\src\\config\\database.js","statementMap":{"0":{"start":{"line":6,"column":8},"end":{"line":6,"column":33}},"1":{"start":{"line":7,"column":8},"end":{"line":7,"column":28}},"2":{"start":{"line":8,"column":8},"end":{"line":8,"column":28}},"3":{"start":{"line":9,"column":8},"end":{"line":9,"column":31}},"4":{"start":{"line":10,"column":8},"end":{"line":10,"column":46}},"5":{"start":{"line":15,"column":8},"end":{"line":29,"column":9}},"6":{"start":{"line":16,"column":24},"end":{"line":16,"column":52}},"7":{"start":{"line":17,"column":28},"end":{"line":17,"column":55}},"8":{"start":{"line":19,"column":12},"end":{"line":19,"column":52}},"9":{"start":{"line":20,"column":12},"end":{"line":20,"column":39}},"10":{"start":{"line":22,"column":12},"end":{"line":22,"column":54}},"11":{"start":{"line":23,"column":12},"end":{"line":23,"column":41}},"12":{"start":{"line":25,"column":12},"end":{"line":25,"column":24}},"13":{"start":{"line":27,"column":12},"end":{"line":27,"column":73}},"14":{"start":{"line":28,"column":12},"end":{"line":28,"column":24}},"15":{"start":{"line":43,"column":12},"end":{"line":43,"column":23}},"16":{"start":{"line":47,"column":8},"end":{"line":51,"column":9}},"17":{"start":{"line":48,"column":12},"end":{"line":48,"column":156}},"18":{"start":{"line":50,"column":12},"end":{"line":50,"column":82}},"19":{"start":{"line":53,"column":8},"end":{"line":56,"column":9}},"20":{"start":{"line":54,"column":12},"end":{"line":54,"column":49}},"21":{"start":{"line":55,"column":12},"end":{"line":55,"column":55}},"22":{"start":{"line":58,"column":8},"end":{"line":61,"column":9}},"23":{"start":{"line":59,"column":12},"end":{"line":59,"column":49}},"24":{"start":{"line":60,"column":12},"end":{"line":60,"column":30}},"25":{"start":{"line":63,"column":8},"end":{"line":63,"column":19}},"26":{"start":{"line":69,"column":8},"end":{"line":69,"column":43}},"27":{"start":{"line":71,"column":8},"end":{"line":79,"column":10}},"28":{"start":{"line":84,"column":8},"end":{"line":106,"column":9}},"29":{"start":{"line":85,"column":12},"end":{"line":105,"column":13}},"30":{"start":{"line":86,"column":16},"end":{"line":86,"column":53}},"31":{"start":{"line":87,"column":16},"end":{"line":87,"column":40}},"32":{"start":{"line":88,"column":16},"end":{"line":88,"column":51}},"33":{"start":{"line":89,"column":16},"end":{"line":89,"column":82}},"34":{"start":{"line":90,"column":16},"end":{"line":90,"column":36}},"35":{"start":{"line":91,"column":16},"end":{"line":91,"column":23}},"36":{"start":{"line":93,"column":16},"end":{"line":93,"column":34}},"37":{"start":{"line":94,"column":16},"end":{"line":94,"column":52}},"38":{"start":{"line":95,"column":16},"end":{"line":95,"column":94}},"39":{"start":{"line":97,"column":16},"end":{"line":100,"column":17}},"40":{"start":{"line":98,"column":20},"end":{"line":98,"column":52}},"41":{"start":{"line":99,"column":20},"end":{"line":99,"column":91}},"42":{"start":{"line":102,"column":30},"end":{"line":102,"column":80}},"43":{"start":{"line":103,"column":16},"end":{"line":103,"column":57}},"44":{"start":{"line":104,"column":16},"end":{"line":104,"column":40}},"45":{"start":{"line":111,"column":8},"end":{"line":115,"column":11}},"46":{"start":{"line":112,"column":12},"end":{"line":112,"column":58}},"47":{"start":{"line":113,"column":12},"end":{"line":113,"column":36}},"48":{"start":{"line":114,"column":12},"end":{"line":114,"column":47}},"49":{"start":{"line":117,"column":8},"end":{"line":120,"column":11}},"50":{"start":{"line":118,"column":12},"end":{"line":118,"column":60}},"51":{"start":{"line":119,"column":12},"end":{"line":119,"column":43}},"52":{"start":{"line":122,"column":8},"end":{"line":127,"column":11}},"53":{"start":{"line":123,"column":12},"end":{"line":123,"column":48}},"54":{"start":{"line":124,"column":12},"end":{"line":124,"column":37}},"55":{"start":{"line":125,"column":12},"end":{"line":125,"column":50}},"56":{"start":{"line":126,"column":12},"end":{"line":126,"column":39}},"57":{"start":{"line":129,"column":8},"end":{"line":133,"column":11}},"58":{"start":{"line":130,"column":12},"end":{"line":130,"column":47}},"59":{"start":{"line":131,"column":12},"end":{"line":131,"column":36}},"60":{"start":{"line":132,"column":12},"end":{"line":132,"column":47}},"61":{"start":{"line":138,"column":8},"end":{"line":138,"column":58}},"62":{"start":{"line":138,"column":51},"end":{"line":138,"column":58}},"63":{"start":{"line":140,"column":8},"end":{"line":140,"column":50}},"64":{"start":{"line":141,"column":8},"end":{"line":141,"column":44}},"65":{"start":{"line":142,"column":8},"end":{"line":142,"column":28}},"66":{"start":{"line":144,"column":8},"end":{"line":148,"column":9}},"67":{"start":{"line":145,"column":12},"end":{"line":145,"column":99}},"68":{"start":{"line":147,"column":12},"end":{"line":147,"column":66}},"69":{"start":{"line":153,"column":25},"end":{"line":163,"column":9}},"70":{"start":{"line":154,"column":12},"end":{"line":154,"column":77}},"71":{"start":{"line":155,"column":12},"end":{"line":162,"column":13}},"72":{"start":{"line":156,"column":16},"end":{"line":156,"column":50}},"73":{"start":{"line":157,"column":16},"end":{"line":157,"column":57}},"74":{"start":{"line":158,"column":16},"end":{"line":158,"column":32}},"75":{"start":{"line":160,"column":16},"end":{"line":160,"column":72}},"76":{"start":{"line":161,"column":16},"end":{"line":161,"column":32}},"77":{"start":{"line":165,"column":8},"end":{"line":167,"column":11}},"78":{"start":{"line":166,"column":12},"end":{"line":166,"column":55}},"79":{"start":{"line":166,"column":37},"end":{"line":166,"column":53}},"80":{"start":{"line":172,"column":8},"end":{"line":208,"column":9}},"81":{"start":{"line":173,"column":12},"end":{"line":179,"column":13}},"82":{"start":{"line":174,"column":16},"end":{"line":178,"column":18}},"83":{"start":{"line":181,"column":28},"end":{"line":181,"column":58}},"84":{"start":{"line":182,"column":27},"end":{"line":182,"column":47}},"85":{"start":{"line":184,"column":12},"end":{"line":198,"column":13}},"86":{"start":{"line":185,"column":30},"end":{"line":185,"column":66}},"87":{"start":{"line":186,"column":16},"end":{"line":197,"column":18}},"88":{"start":{"line":200,"column":12},"end":{"line":200,"column":67}},"89":{"start":{"line":202,"column":12},"end":{"line":207,"column":14}},"90":{"start":{"line":213,"column":8},"end":{"line":221,"column":9}},"91":{"start":{"line":214,"column":12},"end":{"line":214,"column":40}},"92":{"start":{"line":215,"column":12},"end":{"line":215,"column":37}},"93":{"start":{"line":216,"column":12},"end":{"line":216,"column":50}},"94":{"start":{"line":217,"column":12},"end":{"line":217,"column":48}},"95":{"start":{"line":219,"column":12},"end":{"line":219,"column":70}},"96":{"start":{"line":220,"column":12},"end":{"line":220,"column":24}},"97":{"start":{"line":225,"column":8},"end":{"line":225,"column":65}},"98":{"start":{"line":225,"column":40},"end":{"line":225,"column":63}},"99":{"start":{"line":230,"column":8},"end":{"line":230,"column":32}},"100":{"start":{"line":234,"column":8},"end":{"line":234,"column":36}},"101":{"start":{"line":238,"column":8},"end":{"line":238,"column":35}},"102":{"start":{"line":242,"column":24},"end":{"line":242,"column":45}}},"fnMap":{"0":{"name":"(anonymous_0)","decl":{"start":{"line":5,"column":4},"end":{"line":5,"column":5}},"loc":{"start":{"line":5,"column":18},"end":{"line":11,"column":5}},"line":5},"1":{"name":"(anonymous_1)","decl":{"start":{"line":14,"column":4},"end":{"line":14,"column":5}},"loc":{"start":{"line":14,"column":20},"end":{"line":30,"column":5}},"line":14},"2":{"name":"(anonymous_2)","decl":{"start":{"line":33,"column":4},"end":{"line":33,"column":5}},"loc":{"start":{"line":33,"column":28},"end":{"line":64,"column":5}},"line":33},"3":{"name":"(anonymous_3)","decl":{"start":{"line":67,"column":4},"end":{"line":67,"column":5}},"loc":{"start":{"line":67,"column":27},"end":{"line":80,"column":5}},"line":67},"4":{"name":"(anonymous_4)","decl":{"start":{"line":83,"column":4},"end":{"line":83,"column":5}},"loc":{"start":{"line":83,"column":41},"end":{"line":107,"column":5}},"line":83},"5":{"name":"(anonymous_5)","decl":{"start":{"line":110,"column":4},"end":{"line":110,"column":5}},"loc":{"start":{"line":110,"column":26},"end":{"line":134,"column":5}},"line":110},"6":{"name":"(anonymous_6)","decl":{"start":{"line":111,"column":44},"end":{"line":111,"column":45}},"loc":{"start":{"line":111,"column":50},"end":{"line":115,"column":9}},"line":111},"7":{"name":"(anonymous_7)","decl":{"start":{"line":117,"column":40},"end":{"line":117,"column":41}},"loc":{"start":{"line":117,"column":51},"end":{"line":120,"column":9}},"line":117},"8":{"name":"(anonymous_8)","decl":{"start":{"line":122,"column":47},"end":{"line":122,"column":48}},"loc":{"start":{"line":122,"column":53},"end":{"line":127,"column":9}},"line":122},"9":{"name":"(anonymous_9)","decl":{"start":{"line":129,"column":46},"end":{"line":129,"column":47}},"loc":{"start":{"line":129,"column":52},"end":{"line":133,"column":9}},"line":129},"10":{"name":"(anonymous_10)","decl":{"start":{"line":137,"column":4},"end":{"line":137,"column":5}},"loc":{"start":{"line":137,"column":32},"end":{"line":149,"column":5}},"line":137},"11":{"name":"(anonymous_11)","decl":{"start":{"line":152,"column":4},"end":{"line":152,"column":5}},"loc":{"start":{"line":152,"column":28},"end":{"line":168,"column":5}},"line":152},"12":{"name":"(anonymous_12)","decl":{"start":{"line":153,"column":25},"end":{"line":153,"column":26}},"loc":{"start":{"line":153,"column":43},"end":{"line":163,"column":9}},"line":153},"13":{"name":"(anonymous_13)","decl":{"start":{"line":165,"column":49},"end":{"line":165,"column":50}},"loc":{"start":{"line":165,"column":61},"end":{"line":167,"column":9}},"line":165},"14":{"name":"(anonymous_14)","decl":{"start":{"line":166,"column":31},"end":{"line":166,"column":32}},"loc":{"start":{"line":166,"column":37},"end":{"line":166,"column":53}},"line":166},"15":{"name":"(anonymous_15)","decl":{"start":{"line":171,"column":4},"end":{"line":171,"column":5}},"loc":{"start":{"line":171,"column":24},"end":{"line":209,"column":5}},"line":171},"16":{"name":"(anonymous_16)","decl":{"start":{"line":212,"column":4},"end":{"line":212,"column":5}},"loc":{"start":{"line":212,"column":23},"end":{"line":222,"column":5}},"line":212},"17":{"name":"(anonymous_17)","decl":{"start":{"line":224,"column":4},"end":{"line":224,"column":5}},"loc":{"start":{"line":224,"column":14},"end":{"line":226,"column":5}},"line":224},"18":{"name":"(anonymous_18)","decl":{"start":{"line":225,"column":27},"end":{"line":225,"column":28}},"loc":{"start":{"line":225,"column":40},"end":{"line":225,"column":63}},"line":225},"19":{"name":"(anonymous_19)","decl":{"start":{"line":229,"column":4},"end":{"line":229,"column":5}},"loc":{"start":{"line":229,"column":20},"end":{"line":231,"column":5}},"line":229},"20":{"name":"(anonymous_20)","decl":{"start":{"line":233,"column":4},"end":{"line":233,"column":5}},"loc":{"start":{"line":233,"column":16},"end":{"line":235,"column":5}},"line":233},"21":{"name":"(anonymous_21)","decl":{"start":{"line":237,"column":4},"end":{"line":237,"column":5}},"loc":{"start":{"line":237,"column":21},"end":{"line":239,"column":5}},"line":237}},"branchMap":{"0":{"loc":{"start":{"line":35,"column":12},"end":{"line":35,"column":38}},"type":"default-arg","locations":[{"start":{"line":35,"column":27},"end":{"line":35,"column":38}}],"line":35},"1":{"loc":{"start":{"line":36,"column":12},"end":{"line":36,"column":34}},"type":"default-arg","locations":[{"start":{"line":36,"column":27},"end":{"line":36,"column":34}}],"line":36},"2":{"loc":{"start":{"line":37,"column":12},"end":{"line":37,"column":45}},"type":"default-arg","locations":[{"start":{"line":37,"column":31},"end":{"line":37,"column":45}}],"line":37},"3":{"loc":{"start":{"line":40,"column":12},"end":{"line":40,"column":41}},"type":"default-arg","locations":[{"start":{"line":40,"column":34},"end":{"line":40,"column":41}}],"line":40},"4":{"loc":{"start":{"line":47,"column":8},"end":{"line":51,"column":9}},"type":"if","locations":[{"start":{"line":47,"column":8},"end":{"line":51,"column":9}},{"start":{"line":49,"column":15},"end":{"line":51,"column":9}}],"line":47},"5":{"loc":{"start":{"line":47,"column":12},"end":{"line":47,"column":48}},"type":"binary-expr","locations":[{"start":{"line":47,"column":12},"end":{"line":47,"column":28}},{"start":{"line":47,"column":32},"end":{"line":47,"column":48}}],"line":47},"6":{"loc":{"start":{"line":53,"column":8},"end":{"line":56,"column":9}},"type":"if","locations":[{"start":{"line":53,"column":8},"end":{"line":56,"column":9}},{"start":{},"end":{}}],"line":53},"7":{"loc":{"start":{"line":54,"column":19},"end":{"line":54,"column":48}},"type":"cond-expr","locations":[{"start":{"line":54,"column":39},"end":{"line":54,"column":42}},{"start":{"line":54,"column":45},"end":{"line":54,"column":48}}],"line":54},"8":{"loc":{"start":{"line":58,"column":8},"end":{"line":61,"column":9}},"type":"if","locations":[{"start":{"line":58,"column":8},"end":{"line":61,"column":9}},{"start":{},"end":{}}],"line":58},"9":{"loc":{"start":{"line":59,"column":19},"end":{"line":59,"column":48}},"type":"cond-expr","locations":[{"start":{"line":59,"column":39},"end":{"line":59,"column":42}},{"start":{"line":59,"column":45},"end":{"line":59,"column":48}}],"line":59},"10":{"loc":{"start":{"line":97,"column":16},"end":{"line":100,"column":17}},"type":"if","locations":[{"start":{"line":97,"column":16},"end":{"line":100,"column":17}},{"start":{},"end":{}}],"line":97},"11":{"loc":{"start":{"line":138,"column":8},"end":{"line":138,"column":58}},"type":"if","locations":[{"start":{"line":138,"column":8},"end":{"line":138,"column":58}},{"start":{},"end":{}}],"line":138},"12":{"loc":{"start":{"line":173,"column":12},"end":{"line":179,"column":13}},"type":"if","locations":[{"start":{"line":173,"column":12},"end":{"line":179,"column":13}},{"start":{},"end":{}}],"line":173},"13":{"loc":{"start":{"line":184,"column":12},"end":{"line":198,"column":13}},"type":"if","locations":[{"start":{"line":184,"column":12},"end":{"line":198,"column":13}},{"start":{},"end":{}}],"line":184}},"s":{"0":1,"1":1,"2":1,"3":1,"4":1,"5":0,"6":0,"7":0,"8":0,"9":0,"10":0,"11":0,"12":0,"13":0,"14":0,"15":0,"16":0,"17":0,"18":0,"19":0,"20":0,"21":0,"22":0,"23":0,"24":0,"25":0,"26":0,"27":0,"28":0,"29":0,"30":0,"31":0,"32":0,"33":0,"34":0,"35":0,"36":0,"37":0,"38":0,"39":0,"40":0,"41":0,"42":0,"43":0,"44":0,"45":0,"46":0,"47":0,"48":0,"49":0,"50":0,"51":0,"52":0,"53":0,"54":0,"55":0,"56":0,"57":0,"58":0,"59":0,"60":0,"61":0,"62":0,"63":0,"64":0,"65":0,"66":0,"67":0,"68":0,"69":0,"70":0,"71":0,"72":0,"73":0,"74":0,"75":0,"76":0,"77":0,"78":0,"79":0,"80":0,"81":0,"82":0,"83":0,"84":0,"85":0,"86":0,"87":0,"88":0,"89":0,"90":0,"91":0,"92":0,"93":0,"94":0,"95":0,"96":0,"97":0,"98":0,"99":0,"100":0,"101":0,"102":1},"f":{"0":1,"1":0,"2":0,"3":0,"4":0,"5":0,"6":0,"7":0,"8":0,"9":0,"10":0,"11":0,"12":0,"13":0,"14":0,"15":0,"16":0,"17":0,"18":0,"19":0,"20":0,"21":0},"b":{"0":[0],"1":[0],"2":[0],"3":[0],"4":[0,0],"5":[0,0],"6":[0,0],"7":[0,0],"8":[0,0],"9":[0,0],"10":[0,0],"11":[0,0],"12":[0,0],"13":[0,0]},"inputSourceMap":null,"_coverageSchema":"1a1c01bbd47fc00a2c39e90264f33305004495a9","hash":"ed8d00c955ad45f277bce966d477dccc29c46027"}
,"C:\\Users\\ss\\Desktop\\AIdashboard\\backend\\ai-dashboard-backend\\src\\config\\index.js": {"path":"C:\\Users\\ss\\Desktop\\AIdashboard\\backend\\ai-dashboard-backend\\src\\config\\index.js","statementMap":{"0":{"start":{"line":5,"column":19},"end":{"line":5,"column":23}},"1":{"start":{"line":6,"column":0},"end":{"line":9,"column":1}},"2":{"start":{"line":7,"column":28},"end":{"line":7,"column":54}},"3":{"start":{"line":8,"column":4},"end":{"line":8,"column":22}},"4":{"start":{"line":13,"column":8},"end":{"line":13,"column":53}},"5":{"start":{"line":14,"column":8},"end":{"line":14,"column":61}},"6":{"start":{"line":14,"column":26},"end":{"line":14,"column":61}},"7":{"start":{"line":15,"column":8},"end":{"line":15,"column":33}},"8":{"start":{"line":19,"column":8},"end":{"line":47,"column":9}},"9":{"start":{"line":20,"column":12},"end":{"line":20,"column":52}},"10":{"start":{"line":21,"column":28},"end":{"line":32,"column":13}},"11":{"start":{"line":23,"column":20},"end":{"line":30,"column":21}},"12":{"start":{"line":24,"column":24},"end":{"line":24,"column":44}},"13":{"start":{"line":25,"column":24},"end":{"line":25,"column":57}},"14":{"start":{"line":26,"column":24},"end":{"line":26,"column":61}},"15":{"start":{"line":28,"column":24},"end":{"line":28,"column":82}},"16":{"start":{"line":29,"column":24},"end":{"line":29,"column":78}},"17":{"start":{"line":34,"column":27},"end":{"line":34,"column":71}},"18":{"start":{"line":34,"column":49},"end":{"line":34,"column":70}},"19":{"start":{"line":35,"column":12},"end":{"line":39,"column":13}},"20":{"start":{"line":36,"column":16},"end":{"line":38,"column":18}},"21":{"start":{"line":37,"column":58},"end":{"line":37,"column":64}},"22":{"start":{"line":41,"column":12},"end":{"line":41,"column":36}},"23":{"start":{"line":42,"column":12},"end":{"line":42,"column":46}},"24":{"start":{"line":43,"column":12},"end":{"line":43,"column":24}},"25":{"start":{"line":45,"column":12},"end":{"line":45,"column":65}},"26":{"start":{"line":46,"column":12},"end":{"line":46,"column":22}},"27":{"start":{"line":51,"column":24},"end":{"line":51,"column":26}},"28":{"start":{"line":52,"column":8},"end":{"line":62,"column":9}},"29":{"start":{"line":53,"column":12},"end":{"line":61,"column":13}},"30":{"start":{"line":54,"column":16},"end":{"line":54,"column":85}},"31":{"start":{"line":56,"column":16},"end":{"line":60,"column":18}},"32":{"start":{"line":64,"column":24},"end":{"line":66,"column":25}},"33":{"start":{"line":64,"column":60},"end":{"line":64,"column":82}},"34":{"start":{"line":68,"column":8},"end":{"line":68,"column":91}},"35":{"start":{"line":72,"column":8},"end":{"line":72,"column":49}},"36":{"start":{"line":73,"column":8},"end":{"line":84,"column":10}},"37":{"start":{"line":75,"column":16},"end":{"line":82,"column":17}},"38":{"start":{"line":76,"column":20},"end":{"line":79,"column":21}},"39":{"start":{"line":77,"column":24},"end":{"line":77,"column":47}},"40":{"start":{"line":78,"column":24},"end":{"line":78,"column":60}},"41":{"start":{"line":81,"column":20},"end":{"line":81,"column":80}},"42":{"start":{"line":85,"column":8},"end":{"line":85,"column":33}},"43":{"start":{"line":86,"column":8},"end":{"line":86,"column":41}},"44":{"start":{"line":91,"column":8},"end":{"line":91,"column":32}},"45":{"start":{"line":94,"column":8},"end":{"line":94,"column":37}},"46":{"start":{"line":97,"column":8},"end":{"line":97,"column":35}},"47":{"start":{"line":101,"column":22},"end":{"line":101,"column":41}}},"fnMap":{"0":{"name":"(anonymous_0)","decl":{"start":{"line":12,"column":4},"end":{"line":12,"column":5}},"loc":{"start":{"line":12,"column":18},"end":{"line":16,"column":5}},"line":12},"1":{"name":"(anonymous_1)","decl":{"start":{"line":18,"column":4},"end":{"line":18,"column":5}},"loc":{"start":{"line":18,"column":23},"end":{"line":48,"column":5}},"line":18},"2":{"name":"(anonymous_2)","decl":{"start":{"line":22,"column":50},"end":{"line":22,"column":51}},"loc":{"start":{"line":22,"column":73},"end":{"line":31,"column":17}},"line":22},"3":{"name":"(anonymous_3)","decl":{"start":{"line":34,"column":42},"end":{"line":34,"column":43}},"loc":{"start":{"line":34,"column":49},"end":{"line":34,"column":70}},"line":34},"4":{"name":"(anonymous_4)","decl":{"start":{"line":37,"column":51},"end":{"line":37,"column":52}},"loc":{"start":{"line":37,"column":58},"end":{"line":37,"column":64}},"line":37},"5":{"name":"(anonymous_5)","decl":{"start":{"line":50,"column":4},"end":{"line":50,"column":5}},"loc":{"start":{"line":50,"column":24},"end":{"line":69,"column":5}},"line":50},"6":{"name":"(anonymous_6)","decl":{"start":{"line":64,"column":53},"end":{"line":64,"column":54}},"loc":{"start":{"line":64,"column":60},"end":{"line":64,"column":82}},"line":64},"7":{"name":"(anonymous_7)","decl":{"start":{"line":71,"column":4},"end":{"line":71,"column":5}},"loc":{"start":{"line":71,"column":21},"end":{"line":87,"column":5}},"line":71},"8":{"name":"(anonymous_8)","decl":{"start":{"line":74,"column":46},"end":{"line":74,"column":47}},"loc":{"start":{"line":74,"column":69},"end":{"line":83,"column":13}},"line":74},"9":{"name":"(anonymous_9)","decl":{"start":{"line":90,"column":4},"end":{"line":90,"column":5}},"loc":{"start":{"line":90,"column":24},"end":{"line":92,"column":5}},"line":90},"10":{"name":"(anonymous_10)","decl":{"start":{"line":93,"column":4},"end":{"line":93,"column":5}},"loc":{"start":{"line":93,"column":18},"end":{"line":95,"column":5}},"line":93},"11":{"name":"(anonymous_11)","decl":{"start":{"line":96,"column":4},"end":{"line":96,"column":5}},"loc":{"start":{"line":96,"column":16},"end":{"line":98,"column":5}},"line":96}},"branchMap":{"0":{"loc":{"start":{"line":6,"column":0},"end":{"line":9,"column":1}},"type":"if","locations":[{"start":{"line":6,"column":0},"end":{"line":9,"column":1}},{"start":{},"end":{}}],"line":6},"1":{"loc":{"start":{"line":14,"column":8},"end":{"line":14,"column":61}},"type":"if","locations":[{"start":{"line":14,"column":8},"end":{"line":14,"column":61}},{"start":{},"end":{}}],"line":14},"2":{"loc":{"start":{"line":35,"column":12},"end":{"line":39,"column":13}},"type":"if","locations":[{"start":{"line":35,"column":12},"end":{"line":39,"column":13}},{"start":{},"end":{}}],"line":35},"3":{"loc":{"start":{"line":54,"column":32},"end":{"line":54,"column":84}},"type":"binary-expr","locations":[{"start":{"line":54,"column":33},"end":{"line":54,"column":58}},{"start":{"line":54,"column":63},"end":{"line":54,"column":84}}],"line":54},"4":{"loc":{"start":{"line":64,"column":24},"end":{"line":66,"column":25}},"type":"cond-expr","locations":[{"start":{"line":65,"column":14},"end":{"line":65,"column":23}},{"start":{"line":66,"column":14},"end":{"line":66,"column":25}}],"line":64},"5":{"loc":{"start":{"line":76,"column":20},"end":{"line":79,"column":21}},"type":"if","locations":[{"start":{"line":76,"column":20},"end":{"line":79,"column":21}},{"start":{},"end":{}}],"line":76}},"s":{"0":1,"1":1,"2":0,"3":0,"4":1,"5":1,"6":0,"7":1,"8":0,"9":0,"10":0,"11":0,"12":0,"13":0,"14":0,"15":0,"16":0,"17":0,"18":0,"19":0,"20":0,"21":0,"22":0,"23":0,"24":0,"25":0,"26":0,"27":0,"28":0,"29":0,"30":0,"31":0,"32":0,"33":0,"34":0,"35":0,"36":0,"37":0,"38":0,"39":0,"40":0,"41":0,"42":0,"43":0,"44":0,"45":0,"46":0,"47":1},"f":{"0":1,"1":0,"2":0,"3":0,"4":0,"5":0,"6":0,"7":0,"8":0,"9":0,"10":0,"11":0},"b":{"0":[0,1],"1":[0,1],"2":[0,0],"3":[0,0],"4":[0,0],"5":[0,0]},"inputSourceMap":null,"_coverageSchema":"1a1c01bbd47fc00a2c39e90264f33305004495a9","hash":"db7f891eead74892f261af4ddefeb04f2d4bcf22"}
,"C:\\Users\\ss\\Desktop\\AIdashboard\\backend\\ai-dashboard-backend\\src\\config\\jwt.js": {"path":"C:\\Users\\ss\\Desktop\\AIdashboard\\backend\\ai-dashboard-backend\\src\\config\\jwt.js","statementMap":{"0":{"start":{"line":3,"column":22},"end":{"line":3,"column":74}},"1":{"start":{"line":4,"column":23},"end":{"line":4,"column":77}},"2":{"start":{"line":5,"column":21},"end":{"line":5,"column":71}},"3":{"start":{"line":6,"column":21},"end":{"line":6,"column":71}},"4":{"start":{"line":8,"column":26},"end":{"line":88,"column":1}},"5":{"start":{"line":11,"column":22},"end":{"line":15,"column":10}},"6":{"start":{"line":16,"column":8},"end":{"line":16,"column":25}},"7":{"start":{"line":21,"column":8},"end":{"line":26,"column":9}},"8":{"start":{"line":22,"column":28},"end":{"line":22,"column":60}},"9":{"start":{"line":23,"column":12},"end":{"line":23,"column":44}},"10":{"start":{"line":25,"column":12},"end":{"line":25,"column":56}},"11":{"start":{"line":31,"column":22},"end":{"line":35,"column":10}},"12":{"start":{"line":36,"column":8},"end":{"line":36,"column":25}},"13":{"start":{"line":41,"column":8},"end":{"line":46,"column":9}},"14":{"start":{"line":42,"column":28},"end":{"line":42,"column":61}},"15":{"start":{"line":43,"column":12},"end":{"line":43,"column":44}},"16":{"start":{"line":45,"column":12},"end":{"line":45,"column":56}},"17":{"start":{"line":51,"column":22},"end":{"line":55,"column":10}},"18":{"start":{"line":56,"column":8},"end":{"line":56,"column":25}},"19":{"start":{"line":61,"column":8},"end":{"line":66,"column":9}},"20":{"start":{"line":62,"column":28},"end":{"line":62,"column":59}},"21":{"start":{"line":63,"column":12},"end":{"line":63,"column":44}},"22":{"start":{"line":65,"column":12},"end":{"line":65,"column":56}},"23":{"start":{"line":71,"column":22},"end":{"line":75,"column":10}},"24":{"start":{"line":76,"column":8},"end":{"line":76,"column":25}},"25":{"start":{"line":81,"column":8},"end":{"line":86,"column":9}},"26":{"start":{"line":82,"column":28},"end":{"line":82,"column":59}},"27":{"start":{"line":83,"column":12},"end":{"line":83,"column":44}},"28":{"start":{"line":85,"column":12},"end":{"line":85,"column":56}}},"fnMap":{"0":{"name":"(anonymous_0)","decl":{"start":{"line":10,"column":4},"end":{"line":10,"column":5}},"loc":{"start":{"line":10,"column":33},"end":{"line":17,"column":5}},"line":10},"1":{"name":"(anonymous_1)","decl":{"start":{"line":20,"column":4},"end":{"line":20,"column":5}},"loc":{"start":{"line":20,"column":29},"end":{"line":27,"column":5}},"line":20},"2":{"name":"(anonymous_2)","decl":{"start":{"line":30,"column":4},"end":{"line":30,"column":5}},"loc":{"start":{"line":30,"column":34},"end":{"line":37,"column":5}},"line":30},"3":{"name":"(anonymous_3)","decl":{"start":{"line":40,"column":4},"end":{"line":40,"column":5}},"loc":{"start":{"line":40,"column":30},"end":{"line":47,"column":5}},"line":40},"4":{"name":"(anonymous_4)","decl":{"start":{"line":50,"column":4},"end":{"line":50,"column":5}},"loc":{"start":{"line":50,"column":32},"end":{"line":57,"column":5}},"line":50},"5":{"name":"(anonymous_5)","decl":{"start":{"line":60,"column":4},"end":{"line":60,"column":5}},"loc":{"start":{"line":60,"column":28},"end":{"line":67,"column":5}},"line":60},"6":{"name":"(anonymous_6)","decl":{"start":{"line":70,"column":4},"end":{"line":70,"column":5}},"loc":{"start":{"line":70,"column":40},"end":{"line":77,"column":5}},"line":70},"7":{"name":"(anonymous_7)","decl":{"start":{"line":80,"column":4},"end":{"line":80,"column":5}},"loc":{"start":{"line":80,"column":36},"end":{"line":87,"column":5}},"line":80}},"branchMap":{"0":{"loc":{"start":{"line":3,"column":22},"end":{"line":3,"column":74}},"type":"binary-expr","locations":[{"start":{"line":3,"column":22},"end":{"line":3,"column":51}},{"start":{"line":3,"column":55},"end":{"line":3,"column":74}}],"line":3},"1":{"loc":{"start":{"line":4,"column":23},"end":{"line":4,"column":77}},"type":"binary-expr","locations":[{"start":{"line":4,"column":23},"end":{"line":4,"column":53}},{"start":{"line":4,"column":57},"end":{"line":4,"column":77}}],"line":4},"2":{"loc":{"start":{"line":5,"column":21},"end":{"line":5,"column":71}},"type":"binary-expr","locations":[{"start":{"line":5,"column":21},"end":{"line":5,"column":49}},{"start":{"line":5,"column":53},"end":{"line":5,"column":71}}],"line":5},"3":{"loc":{"start":{"line":6,"column":21},"end":{"line":6,"column":71}},"type":"binary-expr","locations":[{"start":{"line":6,"column":21},"end":{"line":6,"column":49}},{"start":{"line":6,"column":53},"end":{"line":6,"column":71}}],"line":6}},"s":{"0":1,"1":1,"2":1,"3":1,"4":1,"5":0,"6":0,"7":0,"8":0,"9":0,"10":0,"11":0,"12":0,"13":0,"14":0,"15":0,"16":0,"17":5,"18":5,"19":0,"20":0,"21":0,"22":0,"23":0,"24":0,"25":0,"26":0,"27":0,"28":0},"f":{"0":0,"1":0,"2":0,"3":0,"4":5,"5":0,"6":0,"7":0},"b":{"0":[1,0],"1":[1,0],"2":[1,0],"3":[1,1]},"inputSourceMap":null,"_coverageSchema":"1a1c01bbd47fc00a2c39e90264f33305004495a9","hash":"eab95b653bc179d00e2002c00e597d31a1f136b9"}
,"C:\\Users\\ss\\Desktop\\AIdashboard\\backend\\ai-dashboard-backend\\src\\config\\swagger.js": {"path":"C:\\Users\\ss\\Desktop\\AIdashboard\\backend\\ai-dashboard-backend\\src\\config\\swagger.js","statementMap":{"0":{"start":{"line":4,"column":16},"end":{"line":17,"column":1}},"1":{"start":{"line":19,"column":20},"end":{"line":19,"column":41}},"2":{"start":{"line":22,"column":4},"end":{"line":22,"column":68}}},"fnMap":{"0":{"name":"setupSwagger","decl":{"start":{"line":21,"column":16},"end":{"line":21,"column":28}},"loc":{"start":{"line":21,"column":34},"end":{"line":23,"column":1}},"line":21}},"branchMap":{},"s":{"0":1,"1":1,"2":1},"f":{"0":1},"b":{},"inputSourceMap":null,"_coverageSchema":"1a1c01bbd47fc00a2c39e90264f33305004495a9","hash":"0fd46e225d9bdacca3889347c6003adf8d87cc91"}
,"C:\\Users\\ss\\Desktop\\AIdashboard\\backend\\ai-dashboard-backend\\src\\controllers\\adminController.js": {"path":"C:\\Users\\ss\\Desktop\\AIdashboard\\backend\\ai-dashboard-backend\\src\\controllers\\adminController.js","statementMap":{"0":{"start":{"line":11,"column":41},"end":{"line":11,"column":50}},"1":{"start":{"line":12,"column":22},"end":{"line":15,"column":32}},"2":{"start":{"line":16,"column":22},"end":{"line":16,"column":49}},"3":{"start":{"line":17,"column":8},"end":{"line":17,"column":60}},"4":{"start":{"line":21,"column":27},"end":{"line":21,"column":37}},"5":{"start":{"line":22,"column":25},"end":{"line":22,"column":33}},"6":{"start":{"line":23,"column":8},"end":{"line":25,"column":9}},"7":{"start":{"line":24,"column":12},"end":{"line":24,"column":85}},"8":{"start":{"line":26,"column":21},"end":{"line":26,"column":82}},"9":{"start":{"line":27,"column":8},"end":{"line":27,"column":94}},"10":{"start":{"line":27,"column":19},"end":{"line":27,"column":94}},"11":{"start":{"line":28,"column":8},"end":{"line":28,"column":73}},"12":{"start":{"line":32,"column":27},"end":{"line":32,"column":37}},"13":{"start":{"line":33,"column":27},"end":{"line":33,"column":35}},"14":{"start":{"line":34,"column":8},"end":{"line":36,"column":9}},"15":{"start":{"line":35,"column":12},"end":{"line":35,"column":87}},"16":{"start":{"line":37,"column":21},"end":{"line":37,"column":84}},"17":{"start":{"line":38,"column":8},"end":{"line":38,"column":94}},"18":{"start":{"line":38,"column":19},"end":{"line":38,"column":94}},"19":{"start":{"line":39,"column":8},"end":{"line":39,"column":75}},"20":{"start":{"line":43,"column":54},"end":{"line":48,"column":10}},"21":{"start":{"line":49,"column":8},"end":{"line":52,"column":11}},"22":{"start":{"line":56,"column":22},"end":{"line":60,"column":9}},"23":{"start":{"line":61,"column":8},"end":{"line":61,"column":49}},"24":{"start":{"line":65,"column":8},"end":{"line":65,"column":63}},"25":{"start":{"line":69,"column":23},"end":{"line":69,"column":44}},"26":{"start":{"line":70,"column":23},"end":{"line":70,"column":39}},"27":{"start":{"line":72,"column":8},"end":{"line":83,"column":11}},"28":{"start":{"line":87,"column":8},"end":{"line":92,"column":9}},"29":{"start":{"line":88,"column":25},"end":{"line":88,"column":51}},"30":{"start":{"line":89,"column":12},"end":{"line":89,"column":52}},"31":{"start":{"line":91,"column":12},"end":{"line":91,"column":86}},"32":{"start":{"line":96,"column":49},"end":{"line":100,"column":10}},"33":{"start":{"line":102,"column":8},"end":{"line":109,"column":11}},"34":{"start":{"line":113,"column":28},"end":{"line":113,"column":36}},"35":{"start":{"line":114,"column":8},"end":{"line":114,"column":99}},"36":{"start":{"line":114,"column":22},"end":{"line":114,"column":99}},"37":{"start":{"line":116,"column":8},"end":{"line":123,"column":11}},"38":{"start":{"line":125,"column":8},"end":{"line":125,"column":75}},"39":{"start":{"line":129,"column":30},"end":{"line":129,"column":91}},"40":{"start":{"line":130,"column":23},"end":{"line":130,"column":33}},"41":{"start":{"line":131,"column":8},"end":{"line":131,"column":57}},"42":{"start":{"line":133,"column":23},"end":{"line":136,"column":9}},"43":{"start":{"line":138,"column":8},"end":{"line":138,"column":99}},"44":{"start":{"line":142,"column":8},"end":{"line":142,"column":58}},"45":{"start":{"line":143,"column":8},"end":{"line":143,"column":69}},"46":{"start":{"line":148,"column":8},"end":{"line":148,"column":81}}},"fnMap":{"0":{"name":"(anonymous_0)","decl":{"start":{"line":10,"column":4},"end":{"line":10,"column":5}},"loc":{"start":{"line":10,"column":30},"end":{"line":18,"column":5}},"line":10},"1":{"name":"(anonymous_1)","decl":{"start":{"line":20,"column":4},"end":{"line":20,"column":5}},"loc":{"start":{"line":20,"column":35},"end":{"line":29,"column":5}},"line":20},"2":{"name":"(anonymous_2)","decl":{"start":{"line":31,"column":4},"end":{"line":31,"column":5}},"loc":{"start":{"line":31,"column":37},"end":{"line":40,"column":5}},"line":31},"3":{"name":"(anonymous_3)","decl":{"start":{"line":42,"column":4},"end":{"line":42,"column":5}},"loc":{"start":{"line":42,"column":33},"end":{"line":53,"column":5}},"line":42},"4":{"name":"(anonymous_4)","decl":{"start":{"line":55,"column":4},"end":{"line":55,"column":5}},"loc":{"start":{"line":55,"column":35},"end":{"line":62,"column":5}},"line":55},"5":{"name":"(anonymous_5)","decl":{"start":{"line":64,"column":4},"end":{"line":64,"column":5}},"loc":{"start":{"line":64,"column":32},"end":{"line":66,"column":5}},"line":64},"6":{"name":"(anonymous_6)","decl":{"start":{"line":68,"column":4},"end":{"line":68,"column":5}},"loc":{"start":{"line":68,"column":42},"end":{"line":84,"column":5}},"line":68},"7":{"name":"(anonymous_7)","decl":{"start":{"line":86,"column":4},"end":{"line":86,"column":5}},"loc":{"start":{"line":86,"column":34},"end":{"line":93,"column":5}},"line":86},"8":{"name":"(anonymous_8)","decl":{"start":{"line":95,"column":4},"end":{"line":95,"column":5}},"loc":{"start":{"line":95,"column":32},"end":{"line":110,"column":5}},"line":95},"9":{"name":"(anonymous_9)","decl":{"start":{"line":112,"column":4},"end":{"line":112,"column":5}},"loc":{"start":{"line":112,"column":36},"end":{"line":126,"column":5}},"line":112},"10":{"name":"(anonymous_10)","decl":{"start":{"line":128,"column":4},"end":{"line":128,"column":5}},"loc":{"start":{"line":128,"column":44},"end":{"line":139,"column":5}},"line":128},"11":{"name":"(anonymous_11)","decl":{"start":{"line":141,"column":4},"end":{"line":141,"column":5}},"loc":{"start":{"line":141,"column":38},"end":{"line":144,"column":5}},"line":141},"12":{"name":"(anonymous_12)","decl":{"start":{"line":146,"column":4},"end":{"line":146,"column":5}},"loc":{"start":{"line":146,"column":32},"end":{"line":149,"column":5}},"line":146}},"branchMap":{"0":{"loc":{"start":{"line":11,"column":16},"end":{"line":11,"column":24}},"type":"default-arg","locations":[{"start":{"line":11,"column":23},"end":{"line":11,"column":24}}],"line":11},"1":{"loc":{"start":{"line":11,"column":26},"end":{"line":11,"column":36}},"type":"default-arg","locations":[{"start":{"line":11,"column":34},"end":{"line":11,"column":36}}],"line":11},"2":{"loc":{"start":{"line":23,"column":8},"end":{"line":25,"column":9}},"type":"if","locations":[{"start":{"line":23,"column":8},"end":{"line":25,"column":9}},{"start":{},"end":{}}],"line":23},"3":{"loc":{"start":{"line":27,"column":8},"end":{"line":27,"column":94}},"type":"if","locations":[{"start":{"line":27,"column":8},"end":{"line":27,"column":94}},{"start":{},"end":{}}],"line":27},"4":{"loc":{"start":{"line":34,"column":8},"end":{"line":36,"column":9}},"type":"if","locations":[{"start":{"line":34,"column":8},"end":{"line":36,"column":9}},{"start":{},"end":{}}],"line":34},"5":{"loc":{"start":{"line":38,"column":8},"end":{"line":38,"column":94}},"type":"if","locations":[{"start":{"line":38,"column":8},"end":{"line":38,"column":94}},{"start":{},"end":{}}],"line":38},"6":{"loc":{"start":{"line":114,"column":8},"end":{"line":114,"column":99}},"type":"if","locations":[{"start":{"line":114,"column":8},"end":{"line":114,"column":99}},{"start":{},"end":{}}],"line":114},"7":{"loc":{"start":{"line":129,"column":39},"end":{"line":129,"column":86}},"type":"binary-expr","locations":[{"start":{"line":129,"column":39},"end":{"line":129,"column":78}},{"start":{"line":129,"column":82},"end":{"line":129,"column":86}}],"line":129}},"s":{"0":0,"1":0,"2":0,"3":0,"4":0,"5":0,"6":0,"7":0,"8":0,"9":0,"10":0,"11":0,"12":0,"13":0,"14":0,"15":0,"16":0,"17":0,"18":0,"19":0,"20":0,"21":0,"22":0,"23":0,"24":0,"25":0,"26":0,"27":0,"28":0,"29":0,"30":0,"31":0,"32":0,"33":0,"34":0,"35":0,"36":0,"37":0,"38":0,"39":0,"40":0,"41":0,"42":0,"43":0,"44":0,"45":0,"46":0},"f":{"0":0,"1":0,"2":0,"3":0,"4":0,"5":0,"6":0,"7":0,"8":0,"9":0,"10":0,"11":0,"12":0},"b":{"0":[0],"1":[0],"2":[0,0],"3":[0,0],"4":[0,0],"5":[0,0],"6":[0,0],"7":[0,0]},"inputSourceMap":null,"_coverageSchema":"1a1c01bbd47fc00a2c39e90264f33305004495a9","hash":"f16716a5fca85e1eb1142434e8cc3f4e9eb5bf12"}
,"C:\\Users\\ss\\Desktop\\AIdashboard\\backend\\ai-dashboard-backend\\src\\controllers\\aijobController.js": {"path":"C:\\Users\\ss\\Desktop\\AIdashboard\\backend\\ai-dashboard-backend\\src\\controllers\\aijobController.js","statementMap":{"0":{"start":{"line":6,"column":4},"end":{"line":20,"column":5}},"1":{"start":{"line":7,"column":34},"end":{"line":7,"column":42}},"2":{"start":{"line":8,"column":8},"end":{"line":10,"column":9}},"3":{"start":{"line":9,"column":12},"end":{"line":9,"column":84}},"4":{"start":{"line":12,"column":20},"end":{"line":12,"column":76}},"5":{"start":{"line":15,"column":8},"end":{"line":15,"column":30}},"6":{"start":{"line":17,"column":8},"end":{"line":17,"column":57}},"7":{"start":{"line":19,"column":8},"end":{"line":19,"column":53}},"8":{"start":{"line":25,"column":4},"end":{"line":34,"column":5}},"9":{"start":{"line":26,"column":26},"end":{"line":26,"column":36}},"10":{"start":{"line":27,"column":20},"end":{"line":27,"column":47}},"11":{"start":{"line":29,"column":8},"end":{"line":29,"column":74}},"12":{"start":{"line":29,"column":18},"end":{"line":29,"column":74}},"13":{"start":{"line":31,"column":8},"end":{"line":31,"column":22}},"14":{"start":{"line":33,"column":8},"end":{"line":33,"column":53}}},"fnMap":{"0":{"name":"createAIJob","decl":{"start":{"line":5,"column":22},"end":{"line":5,"column":33}},"loc":{"start":{"line":5,"column":44},"end":{"line":21,"column":1}},"line":5},"1":{"name":"getAIJob","decl":{"start":{"line":24,"column":22},"end":{"line":24,"column":30}},"loc":{"start":{"line":24,"column":41},"end":{"line":35,"column":1}},"line":24}},"branchMap":{"0":{"loc":{"start":{"line":8,"column":8},"end":{"line":10,"column":9}},"type":"if","locations":[{"start":{"line":8,"column":8},"end":{"line":10,"column":9}},{"start":{},"end":{}}],"line":8},"1":{"loc":{"start":{"line":8,"column":12},"end":{"line":8,"column":29}},"type":"binary-expr","locations":[{"start":{"line":8,"column":12},"end":{"line":8,"column":20}},{"start":{"line":8,"column":24},"end":{"line":8,"column":29}}],"line":8},"2":{"loc":{"start":{"line":29,"column":8},"end":{"line":29,"column":74}},"type":"if","locations":[{"start":{"line":29,"column":8},"end":{"line":29,"column":74}},{"start":{},"end":{}}],"line":29}},"s":{"0":0,"1":0,"2":0,"3":0,"4":0,"5":0,"6":0,"7":0,"8":0,"9":0,"10":0,"11":0,"12":0,"13":0,"14":0},"f":{"0":0,"1":0},"b":{"0":[0,0],"1":[0,0],"2":[0,0]},"inputSourceMap":null,"_coverageSchema":"1a1c01bbd47fc00a2c39e90264f33305004495a9","hash":"f7a273c49c4ea0b0230234f81de5a962effe0893"}
,"C:\\Users\\ss\\Desktop\\AIdashboard\\backend\\ai-dashboard-backend\\src\\controllers\\analyticsController.js": {"path":"C:\\Users\\ss\\Desktop\\AIdashboard\\backend\\ai-dashboard-backend\\src\\controllers\\analyticsController.js","statementMap":{"0":{"start":{"line":5,"column":4},"end":{"line":11,"column":5}},"1":{"start":{"line":6,"column":27},"end":{"line":6,"column":37}},"2":{"start":{"line":7,"column":21},"end":{"line":7,"column":67}},"3":{"start":{"line":8,"column":8},"end":{"line":8,"column":42}},"4":{"start":{"line":10,"column":8},"end":{"line":10,"column":18}},"5":{"start":{"line":16,"column":4},"end":{"line":23,"column":5}},"6":{"start":{"line":17,"column":27},"end":{"line":17,"column":37}},"7":{"start":{"line":18,"column":34},"end":{"line":18,"column":43}},"8":{"start":{"line":19,"column":21},"end":{"line":19,"column":68}},"9":{"start":{"line":20,"column":8},"end":{"line":20,"column":42}},"10":{"start":{"line":22,"column":8},"end":{"line":22,"column":18}},"11":{"start":{"line":28,"column":4},"end":{"line":34,"column":5}},"12":{"start":{"line":29,"column":27},"end":{"line":29,"column":37}},"13":{"start":{"line":30,"column":21},"end":{"line":30,"column":64}},"14":{"start":{"line":31,"column":8},"end":{"line":31,"column":42}},"15":{"start":{"line":33,"column":8},"end":{"line":33,"column":18}},"16":{"start":{"line":39,"column":4},"end":{"line":45,"column":5}},"17":{"start":{"line":40,"column":27},"end":{"line":40,"column":37}},"18":{"start":{"line":41,"column":21},"end":{"line":41,"column":64}},"19":{"start":{"line":42,"column":8},"end":{"line":42,"column":42}},"20":{"start":{"line":44,"column":8},"end":{"line":44,"column":18}}},"fnMap":{"0":{"name":"fileOverview","decl":{"start":{"line":4,"column":22},"end":{"line":4,"column":34}},"loc":{"start":{"line":4,"column":51},"end":{"line":12,"column":1}},"line":4},"1":{"name":"fileTrends","decl":{"start":{"line":15,"column":22},"end":{"line":15,"column":32}},"loc":{"start":{"line":15,"column":49},"end":{"line":24,"column":1}},"line":15},"2":{"name":"fileErrors","decl":{"start":{"line":27,"column":22},"end":{"line":27,"column":32}},"loc":{"start":{"line":27,"column":49},"end":{"line":35,"column":1}},"line":27},"3":{"name":"runFileAnalytics","decl":{"start":{"line":38,"column":22},"end":{"line":38,"column":38}},"loc":{"start":{"line":38,"column":55},"end":{"line":46,"column":1}},"line":38}},"branchMap":{"0":{"loc":{"start":{"line":18,"column":16},"end":{"line":18,"column":29}},"type":"default-arg","locations":[{"start":{"line":18,"column":24},"end":{"line":18,"column":29}}],"line":18}},"s":{"0":0,"1":0,"2":0,"3":0,"4":0,"5":0,"6":0,"7":0,"8":0,"9":0,"10":0,"11":0,"12":0,"13":0,"14":0,"15":0,"16":0,"17":0,"18":0,"19":0,"20":0},"f":{"0":0,"1":0,"2":0,"3":0},"b":{"0":[0]},"inputSourceMap":null,"_coverageSchema":"1a1c01bbd47fc00a2c39e90264f33305004495a9","hash":"4f3d55e892e89a6029979b6ceab2089dba9a2d31"}
,"C:\\Users\\ss\\Desktop\\AIdashboard\\backend\\ai-dashboard-backend\\src\\controllers\\authController.js": {"path":"C:\\Users\\ss\\Desktop\\AIdashboard\\backend\\ai-dashboard-backend\\src\\controllers\\authController.js","statementMap":{"0":{"start":{"line":9,"column":17},"end":{"line":37,"column":1}},"1":{"start":{"line":10,"column":4},"end":{"line":36,"column":5}},"2":{"start":{"line":11,"column":73},"end":{"line":11,"column":81}},"3":{"start":{"line":12,"column":26},"end":{"line":12,"column":48}},"4":{"start":{"line":13,"column":26},"end":{"line":13,"column":51}},"5":{"start":{"line":16,"column":46},"end":{"line":24,"column":10}},"6":{"start":{"line":27,"column":8},"end":{"line":27,"column":85}},"7":{"start":{"line":29,"column":8},"end":{"line":33,"column":11}},"8":{"start":{"line":35,"column":8},"end":{"line":35,"column":18}},"9":{"start":{"line":40,"column":14},"end":{"line":82,"column":1}},"10":{"start":{"line":41,"column":4},"end":{"line":81,"column":5}},"11":{"start":{"line":42,"column":36},"end":{"line":42,"column":44}},"12":{"start":{"line":43,"column":26},"end":{"line":43,"column":48}},"13":{"start":{"line":44,"column":26},"end":{"line":44,"column":51}},"14":{"start":{"line":46,"column":21},"end":{"line":46,"column":61}},"15":{"start":{"line":47,"column":8},"end":{"line":47,"column":99}},"16":{"start":{"line":47,"column":19},"end":{"line":47,"column":99}},"17":{"start":{"line":49,"column":45},"end":{"line":49,"column":78}},"18":{"start":{"line":50,"column":8},"end":{"line":55,"column":9}},"19":{"start":{"line":51,"column":12},"end":{"line":54,"column":15}},"20":{"start":{"line":57,"column":30},"end":{"line":57,"column":89}},"21":{"start":{"line":58,"column":8},"end":{"line":61,"column":9}},"22":{"start":{"line":59,"column":12},"end":{"line":59,"column":94}},"23":{"start":{"line":60,"column":12},"end":{"line":60,"column":92}},"24":{"start":{"line":63,"column":8},"end":{"line":63,"column":72}},"25":{"start":{"line":66,"column":46},"end":{"line":69,"column":10}},"26":{"start":{"line":71,"column":8},"end":{"line":71,"column":67}},"27":{"start":{"line":73,"column":8},"end":{"line":78,"column":11}},"28":{"start":{"line":80,"column":8},"end":{"line":80,"column":18}},"29":{"start":{"line":85,"column":21},"end":{"line":118,"column":1}},"30":{"start":{"line":86,"column":4},"end":{"line":117,"column":5}},"31":{"start":{"line":87,"column":35},"end":{"line":87,"column":59}},"32":{"start":{"line":88,"column":8},"end":{"line":90,"column":9}},"33":{"start":{"line":89,"column":12},"end":{"line":89,"column":89}},"34":{"start":{"line":93,"column":24},"end":{"line":93,"column":82}},"35":{"start":{"line":96,"column":24},"end":{"line":96,"column":75}},"36":{"start":{"line":97,"column":8},"end":{"line":99,"column":9}},"37":{"start":{"line":98,"column":12},"end":{"line":98,"column":90}},"38":{"start":{"line":102,"column":37},"end":{"line":105,"column":10}},"39":{"start":{"line":106,"column":38},"end":{"line":106,"column":97}},"40":{"start":{"line":109,"column":8},"end":{"line":109,"column":60}},"41":{"start":{"line":112,"column":8},"end":{"line":112,"column":63}},"42":{"start":{"line":114,"column":8},"end":{"line":114,"column":60}},"43":{"start":{"line":116,"column":8},"end":{"line":116,"column":18}},"44":{"start":{"line":120,"column":20},"end":{"line":128,"column":1}},"45":{"start":{"line":121,"column":4},"end":{"line":127,"column":5}},"46":{"start":{"line":122,"column":22},"end":{"line":122,"column":57}},"47":{"start":{"line":123,"column":26},"end":{"line":123,"column":67}},"48":{"start":{"line":124,"column":8},"end":{"line":124,"column":70}},"49":{"start":{"line":126,"column":8},"end":{"line":126,"column":18}},"50":{"start":{"line":131,"column":27},"end":{"line":139,"column":1}},"51":{"start":{"line":132,"column":4},"end":{"line":138,"column":5}},"52":{"start":{"line":133,"column":26},"end":{"line":133,"column":34}},"53":{"start":{"line":134,"column":8},"end":{"line":134,"column":57}},"54":{"start":{"line":135,"column":8},"end":{"line":135,"column":74}},"55":{"start":{"line":137,"column":8},"end":{"line":137,"column":18}},"56":{"start":{"line":142,"column":23},"end":{"line":155,"column":1}},"57":{"start":{"line":143,"column":4},"end":{"line":154,"column":5}},"58":{"start":{"line":144,"column":26},"end":{"line":144,"column":34}},"59":{"start":{"line":145,"column":21},"end":{"line":145,"column":50}},"60":{"start":{"line":146,"column":8},"end":{"line":146,"column":94}},"61":{"start":{"line":146,"column":19},"end":{"line":146,"column":94}},"62":{"start":{"line":148,"column":22},"end":{"line":148,"column":74}},"63":{"start":{"line":149,"column":8},"end":{"line":149,"column":79}},"64":{"start":{"line":151,"column":8},"end":{"line":151,"column":74}},"65":{"start":{"line":153,"column":8},"end":{"line":153,"column":18}},"66":{"start":{"line":158,"column":22},"end":{"line":169,"column":1}},"67":{"start":{"line":159,"column":4},"end":{"line":168,"column":5}},"68":{"start":{"line":160,"column":36},"end":{"line":160,"column":44}},"69":{"start":{"line":161,"column":23},"end":{"line":161,"column":74}},"70":{"start":{"line":163,"column":8},"end":{"line":163,"column":66}},"71":{"start":{"line":165,"column":8},"end":{"line":165,"column":78}},"72":{"start":{"line":167,"column":8},"end":{"line":167,"column":18}},"73":{"start":{"line":173,"column":19},"end":{"line":175,"column":1}},"74":{"start":{"line":174,"column":4},"end":{"line":174,"column":48}},"75":{"start":{"line":177,"column":22},"end":{"line":207,"column":1}},"76":{"start":{"line":178,"column":4},"end":{"line":206,"column":5}},"77":{"start":{"line":179,"column":8},"end":{"line":179,"column":80}},"78":{"start":{"line":182,"column":31},"end":{"line":182,"column":79}},"79":{"start":{"line":183,"column":24},"end":{"line":183,"column":26}},"80":{"start":{"line":184,"column":8},"end":{"line":186,"column":9}},"81":{"start":{"line":185,"column":12},"end":{"line":185,"column":74}},"82":{"start":{"line":185,"column":45},"end":{"line":185,"column":74}},"83":{"start":{"line":188,"column":8},"end":{"line":190,"column":9}},"84":{"start":{"line":189,"column":12},"end":{"line":189,"column":99}},"85":{"start":{"line":192,"column":21},"end":{"line":196,"column":29}},"86":{"start":{"line":198,"column":8},"end":{"line":200,"column":9}},"87":{"start":{"line":199,"column":12},"end":{"line":199,"column":87}},"88":{"start":{"line":202,"column":8},"end":{"line":202,"column":42}},"89":{"start":{"line":204,"column":8},"end":{"line":204,"column":51}},"90":{"start":{"line":205,"column":8},"end":{"line":205,"column":18}},"91":{"start":{"line":209,"column":23},"end":{"line":222,"column":1}},"92":{"start":{"line":210,"column":4},"end":{"line":221,"column":5}},"93":{"start":{"line":211,"column":49},"end":{"line":211,"column":57}},"94":{"start":{"line":212,"column":21},"end":{"line":212,"column":74}},"95":{"start":{"line":214,"column":22},"end":{"line":214,"column":88}},"96":{"start":{"line":215,"column":8},"end":{"line":215,"column":110}},"97":{"start":{"line":215,"column":20},"end":{"line":215,"column":110}},"98":{"start":{"line":217,"column":8},"end":{"line":217,"column":64}},"99":{"start":{"line":218,"column":8},"end":{"line":218,"column":78}},"100":{"start":{"line":220,"column":8},"end":{"line":220,"column":18}},"101":{"start":{"line":224,"column":15},"end":{"line":232,"column":1}},"102":{"start":{"line":225,"column":4},"end":{"line":231,"column":5}},"103":{"start":{"line":226,"column":8},"end":{"line":226,"column":50}},"104":{"start":{"line":227,"column":8},"end":{"line":227,"column":42}},"105":{"start":{"line":228,"column":8},"end":{"line":228,"column":59}},"106":{"start":{"line":230,"column":8},"end":{"line":230,"column":18}},"107":{"start":{"line":234,"column":18},"end":{"line":242,"column":1}},"108":{"start":{"line":235,"column":4},"end":{"line":241,"column":5}},"109":{"start":{"line":236,"column":8},"end":{"line":236,"column":55}},"110":{"start":{"line":237,"column":8},"end":{"line":237,"column":42}},"111":{"start":{"line":238,"column":8},"end":{"line":238,"column":76}},"112":{"start":{"line":240,"column":8},"end":{"line":240,"column":18}},"113":{"start":{"line":244,"column":20},"end":{"line":251,"column":1}},"114":{"start":{"line":245,"column":4},"end":{"line":250,"column":5}},"115":{"start":{"line":246,"column":25},"end":{"line":246,"column":74}},"116":{"start":{"line":247,"column":8},"end":{"line":247,"column":46}},"117":{"start":{"line":249,"column":8},"end":{"line":249,"column":18}},"118":{"start":{"line":253,"column":22},"end":{"line":281,"column":1}},"119":{"start":{"line":254,"column":4},"end":{"line":280,"column":5}},"120":{"start":{"line":255,"column":30},"end":{"line":255,"column":40}},"121":{"start":{"line":257,"column":24},"end":{"line":257,"column":57}},"122":{"start":{"line":258,"column":8},"end":{"line":263,"column":9}},"123":{"start":{"line":259,"column":12},"end":{"line":262,"column":15}},"124":{"start":{"line":265,"column":8},"end":{"line":270,"column":9}},"125":{"start":{"line":266,"column":12},"end":{"line":269,"column":15}},"126":{"start":{"line":272,"column":8},"end":{"line":272,"column":76}},"127":{"start":{"line":274,"column":8},"end":{"line":277,"column":11}},"128":{"start":{"line":279,"column":8},"end":{"line":279,"column":18}}},"fnMap":{"0":{"name":"(anonymous_0)","decl":{"start":{"line":9,"column":17},"end":{"line":9,"column":18}},"loc":{"start":{"line":9,"column":43},"end":{"line":37,"column":1}},"line":9},"1":{"name":"(anonymous_1)","decl":{"start":{"line":40,"column":14},"end":{"line":40,"column":15}},"loc":{"start":{"line":40,"column":40},"end":{"line":82,"column":1}},"line":40},"2":{"name":"(anonymous_2)","decl":{"start":{"line":85,"column":21},"end":{"line":85,"column":22}},"loc":{"start":{"line":85,"column":47},"end":{"line":118,"column":1}},"line":85},"3":{"name":"(anonymous_3)","decl":{"start":{"line":120,"column":20},"end":{"line":120,"column":21}},"loc":{"start":{"line":120,"column":46},"end":{"line":128,"column":1}},"line":120},"4":{"name":"(anonymous_4)","decl":{"start":{"line":131,"column":27},"end":{"line":131,"column":28}},"loc":{"start":{"line":131,"column":53},"end":{"line":139,"column":1}},"line":131},"5":{"name":"(anonymous_5)","decl":{"start":{"line":142,"column":23},"end":{"line":142,"column":24}},"loc":{"start":{"line":142,"column":49},"end":{"line":155,"column":1}},"line":142},"6":{"name":"(anonymous_6)","decl":{"start":{"line":158,"column":22},"end":{"line":158,"column":23}},"loc":{"start":{"line":158,"column":48},"end":{"line":169,"column":1}},"line":158},"7":{"name":"(anonymous_7)","decl":{"start":{"line":173,"column":19},"end":{"line":173,"column":20}},"loc":{"start":{"line":173,"column":39},"end":{"line":175,"column":1}},"line":173},"8":{"name":"(anonymous_8)","decl":{"start":{"line":177,"column":22},"end":{"line":177,"column":23}},"loc":{"start":{"line":177,"column":48},"end":{"line":207,"column":1}},"line":177},"9":{"name":"(anonymous_9)","decl":{"start":{"line":209,"column":23},"end":{"line":209,"column":24}},"loc":{"start":{"line":209,"column":49},"end":{"line":222,"column":1}},"line":209},"10":{"name":"(anonymous_10)","decl":{"start":{"line":224,"column":15},"end":{"line":224,"column":16}},"loc":{"start":{"line":224,"column":41},"end":{"line":232,"column":1}},"line":224},"11":{"name":"(anonymous_11)","decl":{"start":{"line":234,"column":18},"end":{"line":234,"column":19}},"loc":{"start":{"line":234,"column":44},"end":{"line":242,"column":1}},"line":234},"12":{"name":"(anonymous_12)","decl":{"start":{"line":244,"column":20},"end":{"line":244,"column":21}},"loc":{"start":{"line":244,"column":46},"end":{"line":251,"column":1}},"line":244},"13":{"name":"(anonymous_13)","decl":{"start":{"line":253,"column":22},"end":{"line":253,"column":23}},"loc":{"start":{"line":253,"column":48},"end":{"line":281,"column":1}},"line":253}},"branchMap":{"0":{"loc":{"start":{"line":12,"column":26},"end":{"line":12,"column":48}},"type":"binary-expr","locations":[{"start":{"line":12,"column":26},"end":{"line":12,"column":38}},{"start":{"line":12,"column":42},"end":{"line":12,"column":48}}],"line":12},"1":{"loc":{"start":{"line":43,"column":26},"end":{"line":43,"column":48}},"type":"binary-expr","locations":[{"start":{"line":43,"column":26},"end":{"line":43,"column":38}},{"start":{"line":43,"column":42},"end":{"line":43,"column":48}}],"line":43},"2":{"loc":{"start":{"line":47,"column":8},"end":{"line":47,"column":99}},"type":"if","locations":[{"start":{"line":47,"column":8},"end":{"line":47,"column":99}},{"start":{},"end":{}}],"line":47},"3":{"loc":{"start":{"line":50,"column":8},"end":{"line":55,"column":9}},"type":"if","locations":[{"start":{"line":50,"column":8},"end":{"line":55,"column":9}},{"start":{},"end":{}}],"line":50},"4":{"loc":{"start":{"line":58,"column":8},"end":{"line":61,"column":9}},"type":"if","locations":[{"start":{"line":58,"column":8},"end":{"line":61,"column":9}},{"start":{},"end":{}}],"line":58},"5":{"loc":{"start":{"line":59,"column":58},"end":{"line":59,"column":81}},"type":"binary-expr","locations":[{"start":{"line":59,"column":58},"end":{"line":59,"column":76}},{"start":{"line":59,"column":80},"end":{"line":59,"column":81}}],"line":59},"6":{"loc":{"start":{"line":88,"column":8},"end":{"line":90,"column":9}},"type":"if","locations":[{"start":{"line":88,"column":8},"end":{"line":90,"column":9}},{"start":{},"end":{}}],"line":88},"7":{"loc":{"start":{"line":97,"column":8},"end":{"line":99,"column":9}},"type":"if","locations":[{"start":{"line":97,"column":8},"end":{"line":99,"column":9}},{"start":{},"end":{}}],"line":97},"8":{"loc":{"start":{"line":122,"column":22},"end":{"line":122,"column":57}},"type":"binary-expr","locations":[{"start":{"line":122,"column":22},"end":{"line":122,"column":38}},{"start":{"line":122,"column":42},"end":{"line":122,"column":57}}],"line":122},"9":{"loc":{"start":{"line":146,"column":8},"end":{"line":146,"column":94}},"type":"if","locations":[{"start":{"line":146,"column":8},"end":{"line":146,"column":94}},{"start":{},"end":{}}],"line":146},"10":{"loc":{"start":{"line":185,"column":12},"end":{"line":185,"column":74}},"type":"if","locations":[{"start":{"line":185,"column":12},"end":{"line":185,"column":74}},{"start":{},"end":{}}],"line":185},"11":{"loc":{"start":{"line":188,"column":8},"end":{"line":190,"column":9}},"type":"if","locations":[{"start":{"line":188,"column":8},"end":{"line":190,"column":9}},{"start":{},"end":{}}],"line":188},"12":{"loc":{"start":{"line":198,"column":8},"end":{"line":200,"column":9}},"type":"if","locations":[{"start":{"line":198,"column":8},"end":{"line":200,"column":9}},{"start":{},"end":{}}],"line":198},"13":{"loc":{"start":{"line":215,"column":8},"end":{"line":215,"column":110}},"type":"if","locations":[{"start":{"line":215,"column":8},"end":{"line":215,"column":110}},{"start":{},"end":{}}],"line":215},"14":{"loc":{"start":{"line":258,"column":8},"end":{"line":263,"column":9}},"type":"if","locations":[{"start":{"line":258,"column":8},"end":{"line":263,"column":9}},{"start":{},"end":{}}],"line":258},"15":{"loc":{"start":{"line":265,"column":8},"end":{"line":270,"column":9}},"type":"if","locations":[{"start":{"line":265,"column":8},"end":{"line":270,"column":9}},{"start":{},"end":{}}],"line":265}},"s":{"0":1,"1":20,"2":20,"3":20,"4":20,"5":20,"6":5,"7":5,"8":15,"9":1,"10":0,"11":0,"12":0,"13":0,"14":0,"15":0,"16":0,"17":0,"18":0,"19":0,"20":0,"21":0,"22":0,"23":0,"24":0,"25":0,"26":0,"27":0,"28":0,"29":1,"30":0,"31":0,"32":0,"33":0,"34":0,"35":0,"36":0,"37":0,"38":0,"39":0,"40":0,"41":0,"42":0,"43":0,"44":1,"45":0,"46":0,"47":0,"48":0,"49":0,"50":1,"51":0,"52":0,"53":0,"54":0,"55":0,"56":1,"57":0,"58":0,"59":0,"60":0,"61":0,"62":0,"63":0,"64":0,"65":0,"66":1,"67":0,"68":0,"69":0,"70":0,"71":0,"72":0,"73":1,"74":0,"75":1,"76":0,"77":0,"78":0,"79":0,"80":0,"81":0,"82":0,"83":0,"84":0,"85":0,"86":0,"87":0,"88":0,"89":0,"90":0,"91":1,"92":0,"93":0,"94":0,"95":0,"96":0,"97":0,"98":0,"99":0,"100":0,"101":1,"102":0,"103":0,"104":0,"105":0,"106":0,"107":1,"108":0,"109":0,"110":0,"111":0,"112":0,"113":1,"114":0,"115":0,"116":0,"117":0,"118":1,"119":0,"120":0,"121":0,"122":0,"123":0,"124":0,"125":0,"126":0,"127":0,"128":0},"f":{"0":20,"1":0,"2":0,"3":0,"4":0,"5":0,"6":0,"7":0,"8":0,"9":0,"10":0,"11":0,"12":0,"13":0},"b":{"0":[20,20],"1":[0,0],"2":[0,0],"3":[0,0],"4":[0,0],"5":[0,0],"6":[0,0],"7":[0,0],"8":[0,0],"9":[0,0],"10":[0,0],"11":[0,0],"12":[0,0],"13":[0,0],"14":[0,0],"15":[0,0]},"inputSourceMap":null,"_coverageSchema":"1a1c01bbd47fc00a2c39e90264f33305004495a9","hash":"41110c18ee823a054ae0ea47b533fd4be2d15fdd"}
,"C:\\Users\\ss\\Desktop\\AIdashboard\\backend\\ai-dashboard-backend\\src\\controllers\\fileController.js": {"path":"C:\\Users\\ss\\Desktop\\AIdashboard\\backend\\ai-dashboard-backend\\src\\controllers\\fileController.js","statementMap":{"0":{"start":{"line":8,"column":4},"end":{"line":30,"column":5}},"1":{"start":{"line":10,"column":8},"end":{"line":12,"column":9}},"2":{"start":{"line":11,"column":12},"end":{"line":11,"column":87}},"3":{"start":{"line":14,"column":25},"end":{"line":14,"column":58}},"4":{"start":{"line":16,"column":21},"end":{"line":24,"column":10}},"5":{"start":{"line":26,"column":8},"end":{"line":26,"column":54}},"6":{"start":{"line":28,"column":8},"end":{"line":28,"column":44}},"7":{"start":{"line":29,"column":8},"end":{"line":29,"column":69}},"8":{"start":{"line":35,"column":4},"end":{"line":40,"column":5}},"9":{"start":{"line":36,"column":22},"end":{"line":36,"column":57}},"10":{"start":{"line":37,"column":8},"end":{"line":37,"column":43}},"11":{"start":{"line":39,"column":8},"end":{"line":39,"column":69}},"12":{"start":{"line":45,"column":4},"end":{"line":53,"column":5}},"13":{"start":{"line":46,"column":21},"end":{"line":46,"column":55}},"14":{"start":{"line":47,"column":8},"end":{"line":49,"column":9}},"15":{"start":{"line":48,"column":12},"end":{"line":48,"column":85}},"16":{"start":{"line":50,"column":8},"end":{"line":50,"column":42}},"17":{"start":{"line":52,"column":8},"end":{"line":52,"column":69}},"18":{"start":{"line":58,"column":4},"end":{"line":74,"column":5}},"19":{"start":{"line":59,"column":21},"end":{"line":59,"column":55}},"20":{"start":{"line":60,"column":8},"end":{"line":62,"column":9}},"21":{"start":{"line":61,"column":12},"end":{"line":61,"column":85}},"22":{"start":{"line":65,"column":8},"end":{"line":67,"column":11}},"23":{"start":{"line":66,"column":12},"end":{"line":66,"column":72}},"24":{"start":{"line":66,"column":21},"end":{"line":66,"column":72}},"25":{"start":{"line":69,"column":8},"end":{"line":69,"column":31}},"26":{"start":{"line":71,"column":8},"end":{"line":71,"column":74}},"27":{"start":{"line":73,"column":8},"end":{"line":73,"column":69}},"28":{"start":{"line":78,"column":4},"end":{"line":78,"column":62}},"29":{"start":{"line":78,"column":40},"end":{"line":78,"column":62}},"30":{"start":{"line":79,"column":4},"end":{"line":79,"column":63}},"31":{"start":{"line":79,"column":39},"end":{"line":79,"column":63}},"32":{"start":{"line":80,"column":4},"end":{"line":81,"column":30}},"33":{"start":{"line":81,"column":8},"end":{"line":81,"column":30}},"34":{"start":{"line":82,"column":4},"end":{"line":82,"column":64}},"35":{"start":{"line":82,"column":41},"end":{"line":82,"column":64}},"36":{"start":{"line":83,"column":4},"end":{"line":87,"column":32}},"37":{"start":{"line":87,"column":8},"end":{"line":87,"column":32}},"38":{"start":{"line":88,"column":4},"end":{"line":88,"column":61}},"39":{"start":{"line":88,"column":38},"end":{"line":88,"column":61}},"40":{"start":{"line":90,"column":4},"end":{"line":90,"column":27}}},"fnMap":{"0":{"name":"uploadFile","decl":{"start":{"line":7,"column":22},"end":{"line":7,"column":32}},"loc":{"start":{"line":7,"column":43},"end":{"line":31,"column":1}},"line":7},"1":{"name":"listFiles","decl":{"start":{"line":34,"column":22},"end":{"line":34,"column":31}},"loc":{"start":{"line":34,"column":42},"end":{"line":41,"column":1}},"line":34},"2":{"name":"getFileDetails","decl":{"start":{"line":44,"column":22},"end":{"line":44,"column":36}},"loc":{"start":{"line":44,"column":47},"end":{"line":54,"column":1}},"line":44},"3":{"name":"deleteFileById","decl":{"start":{"line":57,"column":22},"end":{"line":57,"column":36}},"loc":{"start":{"line":57,"column":47},"end":{"line":75,"column":1}},"line":57},"4":{"name":"(anonymous_4)","decl":{"start":{"line":65,"column":29},"end":{"line":65,"column":30}},"loc":{"start":{"line":65,"column":38},"end":{"line":67,"column":9}},"line":65},"5":{"name":"detectFileType","decl":{"start":{"line":77,"column":9},"end":{"line":77,"column":23}},"loc":{"start":{"line":77,"column":34},"end":{"line":91,"column":1}},"line":77}},"branchMap":{"0":{"loc":{"start":{"line":10,"column":8},"end":{"line":12,"column":9}},"type":"if","locations":[{"start":{"line":10,"column":8},"end":{"line":12,"column":9}},{"start":{},"end":{}}],"line":10},"1":{"loc":{"start":{"line":47,"column":8},"end":{"line":49,"column":9}},"type":"if","locations":[{"start":{"line":47,"column":8},"end":{"line":49,"column":9}},{"start":{},"end":{}}],"line":47},"2":{"loc":{"start":{"line":60,"column":8},"end":{"line":62,"column":9}},"type":"if","locations":[{"start":{"line":60,"column":8},"end":{"line":62,"column":9}},{"start":{},"end":{}}],"line":60},"3":{"loc":{"start":{"line":66,"column":12},"end":{"line":66,"column":72}},"type":"if","locations":[{"start":{"line":66,"column":12},"end":{"line":66,"column":72}},{"start":{},"end":{}}],"line":66},"4":{"loc":{"start":{"line":78,"column":4},"end":{"line":78,"column":62}},"type":"if","locations":[{"start":{"line":78,"column":4},"end":{"line":78,"column":62}},{"start":{},"end":{}}],"line":78},"5":{"loc":{"start":{"line":79,"column":4},"end":{"line":79,"column":63}},"type":"if","locations":[{"start":{"line":79,"column":4},"end":{"line":79,"column":63}},{"start":{},"end":{}}],"line":79},"6":{"loc":{"start":{"line":80,"column":4},"end":{"line":81,"column":30}},"type":"if","locations":[{"start":{"line":80,"column":4},"end":{"line":81,"column":30}},{"start":{},"end":{}}],"line":80},"7":{"loc":{"start":{"line":80,"column":8},"end":{"line":80,"column":74}},"type":"binary-expr","locations":[{"start":{"line":80,"column":8},"end":{"line":80,"column":31}},{"start":{"line":80,"column":35},"end":{"line":80,"column":74}}],"line":80},"8":{"loc":{"start":{"line":82,"column":4},"end":{"line":82,"column":64}},"type":"if","locations":[{"start":{"line":82,"column":4},"end":{"line":82,"column":64}},{"start":{},"end":{}}],"line":82},"9":{"loc":{"start":{"line":83,"column":4},"end":{"line":87,"column":32}},"type":"if","locations":[{"start":{"line":83,"column":4},"end":{"line":87,"column":32}},{"start":{},"end":{}}],"line":83},"10":{"loc":{"start":{"line":84,"column":8},"end":{"line":85,"column":34}},"type":"binary-expr","locations":[{"start":{"line":84,"column":8},"end":{"line":84,"column":40}},{"start":{"line":85,"column":8},"end":{"line":85,"column":34}}],"line":84},"11":{"loc":{"start":{"line":88,"column":4},"end":{"line":88,"column":61}},"type":"if","locations":[{"start":{"line":88,"column":4},"end":{"line":88,"column":61}},{"start":{},"end":{}}],"line":88}},"s":{"0":0,"1":0,"2":0,"3":0,"4":0,"5":0,"6":0,"7":0,"8":0,"9":0,"10":0,"11":0,"12":0,"13":0,"14":0,"15":0,"16":0,"17":0,"18":0,"19":0,"20":0,"21":0,"22":0,"23":0,"24":0,"25":0,"26":0,"27":0,"28":0,"29":0,"30":0,"31":0,"32":0,"33":0,"34":0,"35":0,"36":0,"37":0,"38":0,"39":0,"40":0},"f":{"0":0,"1":0,"2":0,"3":0,"4":0,"5":0},"b":{"0":[0,0],"1":[0,0],"2":[0,0],"3":[0,0],"4":[0,0],"5":[0,0],"6":[0,0],"7":[0,0],"8":[0,0],"9":[0,0],"10":[0,0],"11":[0,0]},"inputSourceMap":null,"_coverageSchema":"1a1c01bbd47fc00a2c39e90264f33305004495a9","hash":"49ca874168accbcfd59d8b9387e9f727951c148d"}
,"C:\\Users\\ss\\Desktop\\AIdashboard\\backend\\ai-dashboard-backend\\src\\controllers\\jobController.js": {"path":"C:\\Users\\ss\\Desktop\\AIdashboard\\backend\\ai-dashboard-backend\\src\\controllers\\jobController.js","statementMap":{"0":{"start":{"line":4,"column":38},"end":{"line":14,"column":1}},"1":{"start":{"line":5,"column":4},"end":{"line":13,"column":5}},"2":{"start":{"line":6,"column":20},"end":{"line":6,"column":53}},"3":{"start":{"line":7,"column":8},"end":{"line":9,"column":9}},"4":{"start":{"line":8,"column":12},"end":{"line":8,"column":86}},"5":{"start":{"line":10,"column":8},"end":{"line":10,"column":41}},"6":{"start":{"line":12,"column":8},"end":{"line":12,"column":18}},"7":{"start":{"line":17,"column":35},"end":{"line":27,"column":1}},"8":{"start":{"line":18,"column":4},"end":{"line":26,"column":5}},"9":{"start":{"line":19,"column":26},"end":{"line":19,"column":56}},"10":{"start":{"line":20,"column":8},"end":{"line":22,"column":9}},"11":{"start":{"line":21,"column":12},"end":{"line":21,"column":86}},"12":{"start":{"line":23,"column":8},"end":{"line":23,"column":75}},"13":{"start":{"line":25,"column":8},"end":{"line":25,"column":18}},"14":{"start":{"line":30,"column":39},"end":{"line":37,"column":1}},"15":{"start":{"line":31,"column":4},"end":{"line":36,"column":5}},"16":{"start":{"line":32,"column":22},"end":{"line":32,"column":43}},"17":{"start":{"line":33,"column":8},"end":{"line":33,"column":43}},"18":{"start":{"line":35,"column":8},"end":{"line":35,"column":18}}},"fnMap":{"0":{"name":"(anonymous_0)","decl":{"start":{"line":4,"column":38},"end":{"line":4,"column":39}},"loc":{"start":{"line":4,"column":64},"end":{"line":14,"column":1}},"line":4},"1":{"name":"(anonymous_1)","decl":{"start":{"line":17,"column":35},"end":{"line":17,"column":36}},"loc":{"start":{"line":17,"column":61},"end":{"line":27,"column":1}},"line":17},"2":{"name":"(anonymous_2)","decl":{"start":{"line":30,"column":39},"end":{"line":30,"column":40}},"loc":{"start":{"line":30,"column":65},"end":{"line":37,"column":1}},"line":30}},"branchMap":{"0":{"loc":{"start":{"line":7,"column":8},"end":{"line":9,"column":9}},"type":"if","locations":[{"start":{"line":7,"column":8},"end":{"line":9,"column":9}},{"start":{},"end":{}}],"line":7},"1":{"loc":{"start":{"line":20,"column":8},"end":{"line":22,"column":9}},"type":"if","locations":[{"start":{"line":20,"column":8},"end":{"line":22,"column":9}},{"start":{},"end":{}}],"line":20}},"s":{"0":1,"1":0,"2":0,"3":0,"4":0,"5":0,"6":0,"7":1,"8":0,"9":0,"10":0,"11":0,"12":0,"13":0,"14":1,"15":0,"16":0,"17":0,"18":0},"f":{"0":0,"1":0,"2":0},"b":{"0":[0,0],"1":[0,0]},"inputSourceMap":null,"_coverageSchema":"1a1c01bbd47fc00a2c39e90264f33305004495a9","hash":"effb26c1433ba7927db5a0dee4f3ea69c9945d36"}
,"C:\\Users\\ss\\Desktop\\AIdashboard\\backend\\ai-dashboard-backend\\src\\controllers\\notificationController.js": {"path":"C:\\Users\\ss\\Desktop\\AIdashboard\\backend\\ai-dashboard-backend\\src\\controllers\\notificationController.js","statementMap":{"0":{"start":{"line":6,"column":4},"end":{"line":23,"column":5}},"1":{"start":{"line":7,"column":21},"end":{"line":7,"column":50}},"2":{"start":{"line":8,"column":22},"end":{"line":8,"column":53}},"3":{"start":{"line":9,"column":23},"end":{"line":9,"column":35}},"4":{"start":{"line":11,"column":30},"end":{"line":11,"column":93}},"5":{"start":{"line":12,"column":28},"end":{"line":12,"column":76}},"6":{"start":{"line":14,"column":8},"end":{"line":20,"column":11}},"7":{"start":{"line":22,"column":8},"end":{"line":22,"column":18}},"8":{"start":{"line":29,"column":4},"end":{"line":38,"column":5}},"9":{"start":{"line":30,"column":23},"end":{"line":30,"column":33}},"10":{"start":{"line":31,"column":24},"end":{"line":31,"column":64}},"11":{"start":{"line":33,"column":8},"end":{"line":33,"column":89}},"12":{"start":{"line":33,"column":22},"end":{"line":33,"column":89}},"13":{"start":{"line":35,"column":8},"end":{"line":35,"column":84}},"14":{"start":{"line":37,"column":8},"end":{"line":37,"column":18}},"15":{"start":{"line":44,"column":4},"end":{"line":50,"column":5}},"16":{"start":{"line":45,"column":23},"end":{"line":45,"column":35}},"17":{"start":{"line":46,"column":8},"end":{"line":46,"column":56}},"18":{"start":{"line":47,"column":8},"end":{"line":47,"column":66}},"19":{"start":{"line":49,"column":8},"end":{"line":49,"column":18}},"20":{"start":{"line":56,"column":4},"end":{"line":65,"column":5}},"21":{"start":{"line":57,"column":23},"end":{"line":57,"column":33}},"22":{"start":{"line":58,"column":24},"end":{"line":58,"column":86}},"23":{"start":{"line":60,"column":8},"end":{"line":60,"column":89}},"24":{"start":{"line":60,"column":22},"end":{"line":60,"column":89}},"25":{"start":{"line":62,"column":8},"end":{"line":62,"column":54}},"26":{"start":{"line":64,"column":8},"end":{"line":64,"column":18}},"27":{"start":{"line":71,"column":4},"end":{"line":79,"column":5}},"28":{"start":{"line":72,"column":23},"end":{"line":72,"column":35}},"29":{"start":{"line":73,"column":28},"end":{"line":73,"column":76}},"30":{"start":{"line":74,"column":22},"end":{"line":74,"column":64}},"31":{"start":{"line":76,"column":8},"end":{"line":76,"column":41}},"32":{"start":{"line":78,"column":8},"end":{"line":78,"column":18}}},"fnMap":{"0":{"name":"listNotifications","decl":{"start":{"line":5,"column":22},"end":{"line":5,"column":39}},"loc":{"start":{"line":5,"column":56},"end":{"line":24,"column":1}},"line":5},"1":{"name":"markAsRead","decl":{"start":{"line":28,"column":22},"end":{"line":28,"column":32}},"loc":{"start":{"line":28,"column":49},"end":{"line":39,"column":1}},"line":28},"2":{"name":"markAllAsRead","decl":{"start":{"line":43,"column":22},"end":{"line":43,"column":35}},"loc":{"start":{"line":43,"column":52},"end":{"line":51,"column":1}},"line":43},"3":{"name":"deleteNotification","decl":{"start":{"line":55,"column":22},"end":{"line":55,"column":40}},"loc":{"start":{"line":55,"column":57},"end":{"line":66,"column":1}},"line":55},"4":{"name":"getStats","decl":{"start":{"line":70,"column":22},"end":{"line":70,"column":30}},"loc":{"start":{"line":70,"column":47},"end":{"line":80,"column":1}},"line":70}},"branchMap":{"0":{"loc":{"start":{"line":7,"column":21},"end":{"line":7,"column":50}},"type":"binary-expr","locations":[{"start":{"line":7,"column":21},"end":{"line":7,"column":45}},{"start":{"line":7,"column":49},"end":{"line":7,"column":50}}],"line":7},"1":{"loc":{"start":{"line":8,"column":22},"end":{"line":8,"column":53}},"type":"binary-expr","locations":[{"start":{"line":8,"column":22},"end":{"line":8,"column":47}},{"start":{"line":8,"column":51},"end":{"line":8,"column":53}}],"line":8},"2":{"loc":{"start":{"line":33,"column":8},"end":{"line":33,"column":89}},"type":"if","locations":[{"start":{"line":33,"column":8},"end":{"line":33,"column":89}},{"start":{},"end":{}}],"line":33},"3":{"loc":{"start":{"line":60,"column":8},"end":{"line":60,"column":89}},"type":"if","locations":[{"start":{"line":60,"column":8},"end":{"line":60,"column":89}},{"start":{},"end":{}}],"line":60}},"s":{"0":0,"1":0,"2":0,"3":0,"4":0,"5":0,"6":0,"7":0,"8":0,"9":0,"10":0,"11":0,"12":0,"13":0,"14":0,"15":0,"16":0,"17":0,"18":0,"19":0,"20":0,"21":0,"22":0,"23":0,"24":0,"25":0,"26":0,"27":0,"28":0,"29":0,"30":0,"31":0,"32":0},"f":{"0":0,"1":0,"2":0,"3":0,"4":0},"b":{"0":[0,0],"1":[0,0],"2":[0,0],"3":[0,0]},"inputSourceMap":null,"_coverageSchema":"1a1c01bbd47fc00a2c39e90264f33305004495a9","hash":"dff3c21daab0a8d9e6ed9b6052d21576cde19aab"}
[...]
:119,"column":22},"end":{"line":119,"column":30}},"loc":{"start":{"line":119,"column":39},"end":{"line":124,"column":1}},"line":119}},"branchMap":{"0":{"loc":{"start":{"line":11,"column":4},"end":{"line":11,"column":23}},"type":"default-arg","locations":[{"start":{"line":11,"column":15},"end":{"line":11,"column":23}}],"line":11},"1":{"loc":{"start":{"line":12,"column":4},"end":{"line":12,"column":17}},"type":"default-arg","locations":[{"start":{"line":12,"column":13},"end":{"line":12,"column":17}}],"line":12},"2":{"loc":{"start":{"line":13,"column":4},"end":{"line":13,"column":14}},"type":"default-arg","locations":[{"start":{"line":13,"column":12},"end":{"line":13,"column":14}}],"line":13},"3":{"loc":{"start":{"line":18,"column":4},"end":{"line":25,"column":5}},"type":"if","locations":[{"start":{"line":18,"column":4},"end":{"line":25,"column":5}},{"start":{},"end":{}}],"line":18},"4":{"loc":{"start":{"line":22,"column":8},"end":{"line":24,"column":9}},"type":"if","locations":[{"start":{"line":22,"column":8},"end":{"line":24,"column":9}},{"start":{},"end":{}}],"line":22},"5":{"loc":{"start":{"line":39,"column":4},"end":{"line":47,"column":5}},"type":"if","locations":[{"start":{"line":39,"column":4},"end":{"line":47,"column":5}},{"start":{"line":41,"column":11},"end":{"line":47,"column":5}}],"line":39},"6":{"loc":{"start":{"line":41,"column":11},"end":{"line":47,"column":5}},"type":"if","locations":[{"start":{"line":41,"column":11},"end":{"line":47,"column":5}},{"start":{"line":45,"column":11},"end":{"line":47,"column":5}}],"line":41},"7":{"loc":{"start":{"line":50,"column":4},"end":{"line":61,"column":5}},"type":"if","locations":[{"start":{"line":50,"column":4},"end":{"line":61,"column":5}},{"start":{},"end":{}}],"line":50},"8":{"loc":{"start":{"line":50,"column":8},"end":{"line":50,"column":83}},"type":"binary-expr","locations":[{"start":{"line":50,"column":8},"end":{"line":50,"column":12}},{"start":{"line":50,"column":16},"end":{"line":50,"column":26}},{"start":{"line":50,"column":30},"end":{"line":50,"column":83}}],"line":50},"9":{"loc":{"start":{"line":71,"column":4},"end":{"line":71,"column":35}},"type":"if","locations":[{"start":{"line":71,"column":4},"end":{"line":71,"column":35}},{"start":{},"end":{}}],"line":71},"10":{"loc":{"start":{"line":88,"column":47},"end":{"line":88,"column":55}},"type":"default-arg","locations":[{"start":{"line":88,"column":54},"end":{"line":88,"column":55}}],"line":88},"11":{"loc":{"start":{"line":88,"column":57},"end":{"line":88,"column":67}},"type":"default-arg","locations":[{"start":{"line":88,"column":65},"end":{"line":88,"column":67}}],"line":88}},"s":{"0":0,"1":0,"2":0,"3":0,"4":0,"5":0,"6":0,"7":0,"8":0,"9":0,"10":0,"11":0,"12":0,"13":0,"14":0,"15":0,"16":0,"17":0,"18":0,"19":0,"20":0,"21":0,"22":0,"23":0,"24":0,"25":0},"f":{"0":0,"1":0,"2":0,"3":0,"4":0,"5":0,"6":0,"7":0},"b":{"0":[0],"1":[0],"2":[0],"3":[0,0],"4":[0,0],"5":[0,0],"6":[0,0],"7":[0,0],"8":[0,0,0],"9":[0,0],"10":[0],"11":[0]},"inputSourceMap":null,"_coverageSchema":"1a1c01bbd47fc00a2c39e90264f33305004495a9","hash":"b45ba1b5fff2ffc60fce170f81aa88c97c16acb0"}
,"C:\\Users\\ss\\Desktop\\AIdashboard\\backend\\ai-dashboard-backend\\src\\services\\socketService.js": {"path":"C:\\Users\\ss\\Desktop\\AIdashboard\\backend\\ai-dashboard-backend\\src\\services\\socketService.js","statementMap":{"0":{"start":{"line":1,"column":17},"end":{"line":1,"column":21}},"1":{"start":{"line":3,"column":22},"end":{"line":42,"column":1}},"2":{"start":{"line":5,"column":8},"end":{"line":5,"column":24}},"3":{"start":{"line":9,"column":8},"end":{"line":12,"column":9}},"4":{"start":{"line":10,"column":12},"end":{"line":10,"column":92}},"5":{"start":{"line":11,"column":12},"end":{"line":11,"column":19}},"6":{"start":{"line":13,"column":8},"end":{"line":13,"column":56}},"7":{"start":{"line":17,"column":8},"end":{"line":17,"column":32}},"8":{"start":{"line":17,"column":25},"end":{"line":17,"column":32}},"9":{"start":{"line":18,"column":23},"end":{"line":18,"column":63}},"10":{"start":{"line":19,"column":8},"end":{"line":19,"column":48}},"11":{"start":{"line":19,"column":20},"end":{"line":19,"column":48}},"12":{"start":{"line":23,"column":8},"end":{"line":23,"column":32}},"13":{"start":{"line":23,"column":25},"end":{"line":23,"column":32}},"14":{"start":{"line":24,"column":8},"end":{"line":24,"column":49}},"15":{"start":{"line":31,"column":8},"end":{"line":31,"column":32}},"16":{"start":{"line":31,"column":25},"end":{"line":31,"column":32}},"17":{"start":{"line":32,"column":8},"end":{"line":32,"column":62}},"18":{"start":{"line":39,"column":8},"end":{"line":39,"column":32}},"19":{"start":{"line":39,"column":25},"end":{"line":39,"column":32}},"20":{"start":{"line":40,"column":8},"end":{"line":40,"column":59}}},"fnMap":{"0":{"name":"(anonymous_0)","decl":{"start":{"line":4,"column":4},"end":{"line":4,"column":5}},"loc":{"start":{"line":4,"column":14},"end":{"line":6,"column":5}},"line":4},"1":{"name":"(anonymous_1)","decl":{"start":{"line":8,"column":4},"end":{"line":8,"column":5}},"loc":{"start":{"line":8,"column":30},"end":{"line":14,"column":5}},"line":8},"2":{"name":"(anonymous_2)","decl":{"start":{"line":16,"column":4},"end":{"line":16,"column":5}},"loc":{"start":{"line":16,"column":43},"end":{"line":20,"column":5}},"line":16},"3":{"name":"(anonymous_3)","decl":{"start":{"line":22,"column":4},"end":{"line":22,"column":5}},"loc":{"start":{"line":22,"column":37},"end":{"line":25,"column":5}},"line":22},"4":{"name":"(anonymous_4)","decl":{"start":{"line":30,"column":4},"end":{"line":30,"column":5}},"loc":{"start":{"line":30,"column":39},"end":{"line":33,"column":5}},"line":30},"5":{"name":"(anonymous_5)","decl":{"start":{"line":38,"column":4},"end":{"line":38,"column":5}},"loc":{"start":{"line":38,"column":37},"end":{"line":41,"column":5}},"line":38}},"branchMap":{"0":{"loc":{"start":{"line":9,"column":8},"end":{"line":12,"column":9}},"type":"if","locations":[{"start":{"line":9,"column":8},"end":{"line":12,"column":9}},{"start":{},"end":{}}],"line":9},"1":{"loc":{"start":{"line":17,"column":8},"end":{"line":17,"column":32}},"type":"if","locations":[{"start":{"line":17,"column":8},"end":{"line":17,"column":32}},{"start":{},"end":{}}],"line":17},"2":{"loc":{"start":{"line":19,"column":8},"end":{"line":19,"column":48}},"type":"if","locations":[{"start":{"line":19,"column":8},"end":{"line":19,"column":48}},{"start":{},"end":{}}],"line":19},"3":{"loc":{"start":{"line":23,"column":8},"end":{"line":23,"column":32}},"type":"if","locations":[{"start":{"line":23,"column":8},"end":{"line":23,"column":32}},{"start":{},"end":{}}],"line":23},"4":{"loc":{"start":{"line":31,"column":8},"end":{"line":31,"column":32}},"type":"if","locations":[{"start":{"line":31,"column":8},"end":{"line":31,"column":32}},{"start":{},"end":{}}],"line":31},"5":{"loc":{"start":{"line":39,"column":8},"end":{"line":39,"column":32}},"type":"if","locations":[{"start":{"line":39,"column":8},"end":{"line":39,"column":32}},{"start":{},"end":{}}],"line":39}},"s":{"0":1,"1":1,"2":0,"3":0,"4":0,"5":0,"6":0,"7":0,"8":0,"9":0,"10":0,"11":0,"12":0,"13":0,"14":0,"15":0,"16":0,"17":0,"18":0,"19":0,"20":0},"f":{"0":0,"1":0,"2":0,"3":0,"4":0,"5":0},"b":{"0":[0,0],"1":[0,0],"2":[0,0],"3":[0,0],"4":[0,0],"5":[0,0]},"inputSourceMap":null,"_coverageSchema":"1a1c01bbd47fc00a2c39e90264f33305004495a9","hash":"c17eb35425952605ed2288c5471fc58d8ecf489e"}
,"C:\\Users\\ss\\Desktop\\AIdashboard\\backend\\ai-dashboard-backend\\src\\utils\\authError.js": {"path":"C:\\Users\\ss\\Desktop\\AIdashboard\\backend\\ai-dashboard-backend\\src\\utils\\authError.js","statementMap":{"0":{"start":{"line":2,"column":25},"end":{"line":6,"column":6}},"1":{"start":{"line":3,"column":4},"end":{"line":6,"column":6}}},"fnMap":{"0":{"name":"(anonymous_0)","decl":{"start":{"line":2,"column":25},"end":{"line":2,"column":26}},"loc":{"start":{"line":3,"column":4},"end":{"line":6,"column":6}},"line":3}},"branchMap":{"0":{"loc":{"start":{"line":5,"column":36},"end":{"line":5,"column":58}},"type":"binary-expr","locations":[{"start":{"line":5,"column":36},"end":{"line":5,"column":43}},{"start":{"line":5,"column":47},"end":{"line":5,"column":58}}],"line":5}},"s":{"0":1,"1":0},"f":{"0":0},"b":{"0":[0,0]},"inputSourceMap":null,"_coverageSchema":"1a1c01bbd47fc00a2c39e90264f33305004495a9","hash":"974aff5e377c7d33df59c505d9bda454ade2a170"}
,"C:\\Users\\ss\\Desktop\\AIdashboard\\backend\\ai-dashboard-backend\\src\\utils\\email.js": {"path":"C:\\Users\\ss\\Desktop\\AIdashboard\\backend\\ai-dashboard-backend\\src\\utils\\email.js","statementMap":{"0":{"start":{"line":91,"column":0},"end":{"line":123,"column":1}},"1":{"start":{"line":93,"column":4},"end":{"line":99,"column":6}},"2":{"start":{"line":95,"column":12},"end":{"line":95,"column":57}},"3":{"start":{"line":96,"column":12},"end":{"line":96,"column":52}},"4":{"start":{"line":98,"column":28},"end":{"line":98,"column":32}},"5":{"start":{"line":100,"column":7},"end":{"line":123,"column":1}},"6":{"start":{"line":102,"column":24},"end":{"line":102,"column":60}},"7":{"start":{"line":103,"column":4},"end":{"line":110,"column":7}},"8":{"start":{"line":111,"column":4},"end":{"line":111,"column":70}},"9":{"start":{"line":114,"column":4},"end":{"line":122,"column":7}},"10":{"start":{"line":126,"column":0},"end":{"line":132,"column":1}},"11":{"start":{"line":127,"column":4},"end":{"line":131,"column":7}},"12":{"start":{"line":128,"column":8},"end":{"line":128,"column":47}},"13":{"start":{"line":130,"column":8},"end":{"line":130,"column":54}},"14":{"start":{"line":135,"column":25},"end":{"line":156,"column":1}},"15":{"start":{"line":136,"column":4},"end":{"line":155,"column":5}},"16":{"start":{"line":137,"column":21},"end":{"line":143,"column":10}},"17":{"start":{"line":145,"column":8},"end":{"line":145,"column":53}},"18":{"start":{"line":147,"column":8},"end":{"line":149,"column":9}},"19":{"start":{"line":148,"column":12},"end":{"line":148,"column":78}},"20":{"start":{"line":151,"column":8},"end":{"line":151,"column":20}},"21":{"start":{"line":153,"column":8},"end":{"line":153,"column":48}},"22":{"start":{"line":154,"column":8},"end":{"line":154,"column":18}},"23":{"start":{"line":159,"column":37},"end":{"line":168,"column":1}},"24":{"start":{"line":160,"column":17},"end":{"line":160,"column":74}},"25":{"start":{"line":161,"column":4},"end":{"line":167,"column":7}},"26":{"start":{"line":170,"column":38},"end":{"line":179,"column":1}},"27":{"start":{"line":171,"column":17},"end":{"line":171,"column":76}},"28":{"start":{"line":172,"column":4},"end":{"line":178,"column":7}}},"fnMap":{"0":{"name":"(anonymous_0)","decl":{"start":{"line":94,"column":18},"end":{"line":94,"column":19}},"loc":{"start":{"line":94,"column":30},"end":{"line":97,"column":9}},"line":94},"1":{"name":"(anonymous_1)","decl":{"start":{"line":98,"column":16},"end":{"line":98,"column":17}},"loc":{"start":{"line":98,"column":28},"end":{"line":98,"column":32}},"line":98},"2":{"name":"(anonymous_2)","decl":{"start":{"line":127,"column":30},"end":{"line":127,"column":31}},"loc":{"start":{"line":127,"column":36},"end":{"line":129,"column":5}},"line":127},"3":{"name":"(anonymous_3)","decl":{"start":{"line":129,"column":13},"end":{"line":129,"column":14}},"loc":{"start":{"line":129,"column":22},"end":{"line":131,"column":5}},"line":129},"4":{"name":"(anonymous_4)","decl":{"start":{"line":135,"column":25},"end":{"line":135,"column":26}},"loc":{"start":{"line":135,"column":64},"end":{"line":156,"column":1}},"line":135},"5":{"name":"(anonymous_5)","decl":{"start":{"line":159,"column":37},"end":{"line":159,"column":38}},"loc":{"start":{"line":159,"column":60},"end":{"line":168,"column":1}},"line":159},"6":{"name":"(anonymous_6)","decl":{"start":{"line":170,"column":38},"end":{"line":170,"column":39}},"loc":{"start":{"line":170,"column":61},"end":{"line":179,"column":1}},"line":170}},"branchMap":{"0":{"loc":{"start":{"line":91,"column":0},"end":{"line":123,"column":1}},"type":"if","locations":[{"start":{"line":91,"column":0},"end":{"line":123,"column":1}},{"start":{"line":100,"column":7},"end":{"line":123,"column":1}}],"line":91},"1":{"loc":{"start":{"line":100,"column":7},"end":{"line":123,"column":1}},"type":"if","locations":[{"start":{"line":100,"column":7},"end":{"line":123,"column":1}},{"start":{"line":112,"column":7},"end":{"line":123,"column":1}}],"line":100},"2":{"loc":{"start":{"line":116,"column":23},"end":{"line":116,"column":53}},"type":"binary-expr","locations":[{"start":{"line":116,"column":23},"end":{"line":116,"column":44}},{"start":{"line":116,"column":48},"end":{"line":116,"column":53}}],"line":116},"3":{"loc":{"start":{"line":126,"column":0},"end":{"line":132,"column":1}},"type":"if","locations":[{"start":{"line":126,"column":0},"end":{"line":132,"column":1}},{"start":{},"end":{}}],"line":126},"4":{"loc":{"start":{"line":138,"column":18},"end":{"line":138,"column":86}},"type":"binary-expr","locations":[{"start":{"line":138,"column":18},"end":{"line":138,"column":40}},{"start":{"line":138,"column":44},"end":{"line":138,"column":86}}],"line":138},"5":{"loc":{"start":{"line":147,"column":8},"end":{"line":149,"column":9}},"type":"if","locations":[{"start":{"line":147,"column":8},"end":{"line":149,"column":9}},{"start":{},"end":{}}],"line":147}},"s":{"0":1,"1":1,"2":5,"3":5,"4":0,"5":0,"6":0,"7":0,"8":0,"9":0,"10":1,"11":0,"12":0,"13":0,"14":1,"15":5,"16":5,"17":5,"18":5,"19":0,"20":5,"21":0,"22":0,"23":1,"24":0,"25":0,"26":1,"27":0,"28":0},"f":{"0":5,"1":0,"2":0,"3":0,"4":5,"5":0,"6":0},"b":{"0":[1,0],"1":[0,0],"2":[0,0],"3":[0,1],"4":[5,0],"5":[0,5]},"inputSourceMap":null,"_coverageSchema":"1a1c01bbd47fc00a2c39e90264f33305004495a9","hash":"1c1b9ddd71d58f4f903b159ff9b23abe95be8b2c"}
,"C:\\Users\\ss\\Desktop\\AIdashboard\\backend\\ai-dashboard-backend\\src\\utils\\logger.js": {"path":"C:\\Users\\ss\\Desktop\\AIdashboard\\backend\\ai-dashboard-backend\\src\\utils\\logger.js","statementMap":{"0":{"start":{"line":5,"column":15},"end":{"line":5,"column":21}},"1":{"start":{"line":6,"column":24},"end":{"line":6,"column":57}},"2":{"start":{"line":8,"column":15},"end":{"line":27,"column":2}},"3":{"start":{"line":16,"column":12},"end":{"line":18,"column":13}},"4":{"start":{"line":17,"column":16},"end":{"line":17,"column":80}},"5":{"start":{"line":19,"column":12},"end":{"line":19,"column":66}},"6":{"start":{"line":30,"column":0},"end":{"line":32,"column":2}},"7":{"start":{"line":31,"column":4},"end":{"line":31,"column":55}},"8":{"start":{"line":39,"column":0},"end":{"line":49,"column":2}},"9":{"start":{"line":40,"column":4},"end":{"line":48,"column":5}},"10":{"start":{"line":41,"column":8},"end":{"line":41,"column":55}},"11":{"start":{"line":41,"column":45},"end":{"line":41,"column":55}},"12":{"start":{"line":42,"column":21},"end":{"line":42,"column":62}},"13":{"start":{"line":43,"column":22},"end":{"line":43,"column":45}},"14":{"start":{"line":44,"column":8},"end":{"line":44,"column":35}},"15":{"start":{"line":46,"column":8},"end":{"line":46,"column":56}},"16":{"start":{"line":47,"column":8},"end":{"line":47,"column":18}}},"fnMap":{"0":{"name":"(anonymous_0)","decl":{"start":{"line":14,"column":22},"end":{"line":14,"column":23}},"loc":{"start":{"line":14,"column":64},"end":{"line":20,"column":9}},"line":14},"1":{"name":"(anonymous_1)","decl":{"start":{"line":30,"column":22},"end":{"line":30,"column":23}},"loc":{"start":{"line":30,"column":31},"end":{"line":32,"column":1}},"line":30},"2":{"name":"(anonymous_2)","decl":{"start":{"line":39,"column":19},"end":{"line":39,"column":20}},"loc":{"start":{"line":39,"column":41},"end":{"line":49,"column":1}},"line":39}},"branchMap":{"0":{"loc":{"start":{"line":9,"column":11},"end":{"line":9,"column":42}},"type":"binary-expr","locations":[{"start":{"line":9,"column":11},"end":{"line":9,"column":32}},{"start":{"line":9,"column":36},"end":{"line":9,"column":42}}],"line":9},"1":{"loc":{"start":{"line":16,"column":12},"end":{"line":18,"column":13}},"type":"if","locations":[{"start":{"line":16,"column":12},"end":{"line":18,"column":13}},{"start":{},"end":{}}],"line":16},"2":{"loc":{"start":{"line":16,"column":16},"end":{"line":16,"column":89}},"type":"binary-expr","locations":[{"start":{"line":16,"column":16},"end":{"line":16,"column":43}},{"start":{"line":16,"column":47},"end":{"line":16,"column":89}}],"line":16},"3":{"loc":{"start":{"line":19,"column":47},"end":{"line":19,"column":63}},"type":"binary-expr","locations":[{"start":{"line":19,"column":47},"end":{"line":19,"column":52}},{"start":{"line":19,"column":56},"end":{"line":19,"column":63}}],"line":19},"4":{"loc":{"start":{"line":39,"column":26},"end":{"line":39,"column":36}},"type":"default-arg","locations":[{"start":{"line":39,"column":34},"end":{"line":39,"column":36}}],"line":39},"5":{"loc":{"start":{"line":41,"column":8},"end":{"line":41,"column":55}},"type":"if","locations":[{"start":{"line":41,"column":8},"end":{"line":41,"column":55}},{"start":{},"end":{}}],"line":41}},"s":{"0":1,"1":1,"2":1,"3":91,"4":0,"5":91,"6":1,"7":0,"8":1,"9":0,"10":0,"11":0,"12":0,"13":0,"14":0,"15":0,"16":0},"f":{"0":91,"1":0,"2":0},"b":{"0":[1,1],"1":[0,91],"2":[91,91],"3":[91,76],"4":[0],"5":[0,0]},"inputSourceMap":null,"_coverageSchema":"1a1c01bbd47fc00a2c39e90264f33305004495a9","hash":"fe157b5c32f7527f59f8ff5f5b7bd2c8f7fc8fc5"}
,"C:\\Users\\ss\\Desktop\\AIdashboard\\backend\\ai-dashboard-backend\\src\\workers\\fileProcessor.js": {"path":"C:\\Users\\ss\\Desktop\\AIdashboard\\backend\\ai-dashboard-backend\\src\\workers\\fileProcessor.js","statementMap":{"0":{"start":{"line":8,"column":23},"end":{"line":8,"column":31}},"1":{"start":{"line":11,"column":17},"end":{"line":11,"column":44}},"2":{"start":{"line":12,"column":4},"end":{"line":12,"column":49}},"3":{"start":{"line":12,"column":15},"end":{"line":12,"column":49}},"4":{"start":{"line":14,"column":4},"end":{"line":41,"column":5}},"5":{"start":{"line":16,"column":8},"end":{"line":16,"column":45}},"6":{"start":{"line":17,"column":8},"end":{"line":17,"column":26}},"7":{"start":{"line":22,"column":8},"end":{"line":28,"column":9}},"8":{"start":{"line":23,"column":12},"end":{"line":23,"column":55}},"9":{"start":{"line":24,"column":15},"end":{"line":28,"column":9}},"10":{"start":{"line":25,"column":12},"end":{"line":25,"column":56}},"11":{"start":{"line":27,"column":12},"end":{"line":27,"column":53}},"12":{"start":{"line":31,"column":8},"end":{"line":31,"column":44}},"13":{"start":{"line":32,"column":8},"end":{"line":32,"column":35}},"14":{"start":{"line":33,"column":8},"end":{"line":33,"column":26}},"15":{"start":{"line":35,"column":8},"end":{"line":35,"column":22}},"16":{"start":{"line":38,"column":8},"end":{"line":38,"column":41}},"17":{"start":{"line":39,"column":8},"end":{"line":39,"column":75}},"18":{"start":{"line":40,"column":8},"end":{"line":40,"column":18}}},"fnMap":{"0":{"name":"processFileJob","decl":{"start":{"line":6,"column":22},"end":{"line":6,"column":36}},"loc":{"start":{"line":6,"column":42},"end":{"line":42,"column":1}},"line":6}},"branchMap":{"0":{"loc":{"start":{"line":12,"column":4},"end":{"line":12,"column":49}},"type":"if","locations":[{"start":{"line":12,"column":4},"end":{"line":12,"column":49}},{"start":{},"end":{}}],"line":12},"1":{"loc":{"start":{"line":22,"column":8},"end":{"line":28,"column":9}},"type":"if","locations":[{"start":{"line":22,"column":8},"end":{"line":28,"column":9}},{"start":{"line":24,"column":15},"end":{"line":28,"column":9}}],"line":22},"2":{"loc":{"start":{"line":24,"column":15},"end":{"line":28,"column":9}},"type":"if","locations":[{"start":{"line":24,"column":15},"end":{"line":28,"column":9}},{"start":{"line":26,"column":15},"end":{"line":28,"column":9}}],"line":24}},"s":{"0":0,"1":0,"2":0,"3":0,"4":0,"5":0,"6":0,"7":0,"8":0,"9":0,"10":0,"11":0,"12":0,"13":0,"14":0,"15":0,"16":0,"17":0,"18":0},"f":{"0":0},"b":{"0":[0,0],"1":[0,0],"2":[0,0]},"inputSourceMap":null,"_coverageSchema":"1a1c01bbd47fc00a2c39e90264f33305004495a9","hash":"61e1082cd4efe0b8636ae2183069bd86ad671f91"}
}
