TN:
SF:src\app.js
FN:77,(anonymous_0)
FN:79,(anonymous_1)
FN:91,(anonymous_2)
FN:107,(anonymous_3)
FN:126,(anonymous_4)
FN:160,(anonymous_5)
FN:177,(anonymous_6)
FNF:7
FNH:3
FNDA:66,(anonymous_0)
FNDA:66,(anonymous_1)
FNDA:0,(anonymous_2)
FNDA:0,(anonymous_3)
FNDA:0,(anonymous_4)
FNDA:15,(anonymous_5)
FNDA:0,(anonymous_6)
DA:20,1
DA:25,1
DA:34,1
DA:48,1
DA:58,1
DA:61,1
DA:72,1
DA:73,1
DA:74,1
DA:77,1
DA:78,66
DA:79,66
DA:80,66
DA:81,66
DA:85,66
DA:91,1
DA:92,0
DA:107,1
DA:108,0
DA:109,0
DA:110,0
DA:116,0
DA:117,0
DA:126,1
DA:127,0
DA:149,1
DA:150,1
DA:151,1
DA:152,1
DA:153,1
DA:154,1
DA:155,1
DA:160,1
DA:161,15
DA:168,15
DA:169,15
DA:177,1
DA:178,0
DA:195,1
LF:39
LH:31
BRDA:27,0,0,1
BRDA:27,0,1,0
BRDA:96,1,0,0
BRDA:96,1,1,0
BRDA:169,2,0,15
BRDA:169,2,1,15
BRDA:171,3,0,0
BRDA:171,3,1,15
BRDA:172,4,0,15
BRDA:172,4,1,0
BRF:10
BRH:5
end_of_record
TN:
SF:src\config\database.js
FN:5,(anonymous_0)
FN:14,(anonymous_1)
FN:33,(anonymous_2)
FN:67,(anonymous_3)
FN:83,(anonymous_4)
FN:110,(anonymous_5)
FN:111,(anonymous_6)
FN:117,(anonymous_7)
FN:122,(anonymous_8)
FN:129,(anonymous_9)
FN:137,(anonymous_10)
FN:152,(anonymous_11)
FN:153,(anonymous_12)
FN:165,(anonymous_13)
FN:166,(anonymous_14)
FN:171,(anonymous_15)
FN:212,(anonymous_16)
FN:224,(anonymous_17)
FN:225,(anonymous_18)
FN:229,(anonymous_19)
FN:233,(anonymous_20)
FN:237,(anonymous_21)
FNF:22
FNH:1
FNDA:1,(anonymous_0)
FNDA:0,(anonymous_1)
FNDA:0,(anonymous_2)
FNDA:0,(anonymous_3)
FNDA:0,(anonymous_4)
FNDA:0,(anonymous_5)
FNDA:0,(anonymous_6)
FNDA:0,(anonymous_7)
FNDA:0,(anonymous_8)
FNDA:0,(anonymous_9)
FNDA:0,(anonymous_10)
FNDA:0,(anonymous_11)
FNDA:0,(anonymous_12)
FNDA:0,(anonymous_13)
FNDA:0,(anonymous_14)
FNDA:0,(anonymous_15)
FNDA:0,(anonymous_16)
FNDA:0,(anonymous_17)
FNDA:0,(anonymous_18)
FNDA:0,(anonymous_19)
FNDA:0,(anonymous_20)
FNDA:0,(anonymous_21)
DA:6,1
DA:7,1
DA:8,1
DA:9,1
DA:10,1
DA:15,0
DA:16,0
DA:17,0
DA:19,0
DA:20,0
DA:22,0
DA:23,0
DA:25,0
DA:27,0
DA:28,0
DA:43,0
DA:47,0
DA:48,0
DA:50,0
DA:53,0
DA:54,0
DA:55,0
DA:58,0
DA:59,0
DA:60,0
DA:63,0
DA:69,0
DA:71,0
DA:84,0
DA:85,0
DA:86,0
DA:87,0
DA:88,0
DA:89,0
DA:90,0
DA:91,0
DA:93,0
DA:94,0
DA:95,0
DA:97,0
DA:98,0
DA:99,0
DA:102,0
DA:103,0
DA:104,0
DA:111,0
DA:112,0
DA:113,0
DA:114,0
DA:117,0
DA:118,0
DA:119,0
DA:122,0
DA:123,0
DA:124,0
DA:125,0
DA:126,0
DA:129,0
DA:130,0
DA:131,0
DA:132,0
DA:138,0
DA:140,0
DA:141,0
DA:142,0
DA:144,0
DA:145,0
DA:147,0
DA:153,0
DA:154,0
DA:155,0
DA:156,0
DA:157,0
DA:158,0
DA:160,0
DA:161,0
DA:165,0
DA:166,0
DA:172,0
DA:173,0
DA:174,0
DA:181,0
DA:182,0
DA:184,0
DA:185,0
DA:186,0
DA:200,0
DA:202,0
DA:213,0
DA:214,0
DA:215,0
DA:216,0
DA:217,0
DA:219,0
DA:220,0
DA:225,0
DA:230,0
DA:234,0
DA:238,0
DA:242,1
LF:100
LH:6
BRDA:35,0,0,0
BRDA:36,1,0,0
BRDA:37,2,0,0
BRDA:40,3,0,0
BRDA:47,4,0,0
BRDA:47,4,1,0
BRDA:47,5,0,0
BRDA:47,5,1,0
BRDA:53,6,0,0
BRDA:53,6,1,0
BRDA:54,7,0,0
BRDA:54,7,1,0
BRDA:58,8,0,0
BRDA:58,8,1,0
BRDA:59,9,0,0
BRDA:59,9,1,0
BRDA:97,10,0,0
BRDA:97,10,1,0
BRDA:138,11,0,0
BRDA:138,11,1,0
BRDA:173,12,0,0
BRDA:173,12,1,0
BRDA:184,13,0,0
BRDA:184,13,1,0
BRF:24
BRH:0
end_of_record
TN:
SF:src\config\index.js
FN:12,(anonymous_0)
FN:18,(anonymous_1)
FN:22,(anonymous_2)
FN:34,(anonymous_3)
FN:37,(anonymous_4)
FN:50,(anonymous_5)
FN:64,(anonymous_6)
FN:71,(anonymous_7)
FN:74,(anonymous_8)
FN:90,(anonymous_9)
FN:93,(anonymous_10)
FN:96,(anonymous_11)
FNF:12
FNH:1
FNDA:1,(anonymous_0)
FNDA:0,(anonymous_1)
FNDA:0,(anonymous_2)
FNDA:0,(anonymous_3)
FNDA:0,(anonymous_4)
FNDA:0,(anonymous_5)
FNDA:0,(anonymous_6)
FNDA:0,(anonymous_7)
FNDA:0,(anonymous_8)
FNDA:0,(anonymous_9)
FNDA:0,(anonymous_10)
FNDA:0,(anonymous_11)
DA:5,1
DA:6,1
DA:7,0
DA:8,0
DA:13,1
DA:14,1
DA:15,1
DA:19,0
DA:20,0
DA:21,0
DA:23,0
DA:24,0
DA:25,0
DA:26,0
DA:28,0
DA:29,0
DA:34,0
DA:35,0
DA:36,0
DA:37,0
DA:41,0
DA:42,0
DA:43,0
DA:45,0
DA:46,0
DA:51,0
DA:52,0
DA:53,0
DA:54,0
DA:56,0
DA:64,0
DA:68,0
DA:72,0
DA:73,0
DA:75,0
DA:76,0
DA:77,0
DA:78,0
DA:81,0
DA:85,0
DA:86,0
DA:91,0
DA:94,0
DA:97,0
DA:101,1
LF:45
LH:6
BRDA:6,0,0,0
BRDA:6,0,1,1
BRDA:14,1,0,0
BRDA:14,1,1,1
BRDA:35,2,0,0
BRDA:35,2,1,0
BRDA:54,3,0,0
BRDA:54,3,1,0
BRDA:64,4,0,0
BRDA:64,4,1,0
BRDA:76,5,0,0
BRDA:76,5,1,0
BRF:12
BRH:2
end_of_record
TN:
SF:src\config\jwt.js
FN:10,(anonymous_0)
FN:20,(anonymous_1)
FN:30,(anonymous_2)
FN:40,(anonymous_3)
FN:50,(anonymous_4)
FN:60,(anonymous_5)
FN:70,(anonymous_6)
FN:80,(anonymous_7)
FNF:8
FNH:1
FNDA:0,(anonymous_0)
FNDA:0,(anonymous_1)
FNDA:0,(anonymous_2)
FNDA:0,(anonymous_3)
FNDA:5,(anonymous_4)
FNDA:0,(anonymous_5)
FNDA:0,(anonymous_6)
FNDA:0,(anonymous_7)
DA:3,1
DA:4,1
DA:5,1
DA:6,1
DA:8,1
DA:11,0
DA:16,0
DA:21,0
DA:22,0
DA:23,0
DA:25,0
DA:31,0
DA:36,0
DA:41,0
DA:42,0
DA:43,0
DA:45,0
DA:51,5
DA:56,5
DA:61,0
DA:62,0
DA:63,0
DA:65,0
DA:71,0
DA:76,0
DA:81,0
DA:82,0
DA:83,0
DA:85,0
LF:29
LH:7
BRDA:3,0,0,1
BRDA:3,0,1,0
BRDA:4,1,0,1
BRDA:4,1,1,0
BRDA:5,2,0,1
BRDA:5,2,1,0
BRDA:6,3,0,1
BRDA:6,3,1,1
BRF:8
BRH:5
end_of_record
TN:
SF:src\config\swagger.js
FN:21,setupSwagger
FNF:1
FNH:1
FNDA:1,setupSwagger
DA:4,1
DA:19,1
DA:22,1
LF:3
LH:3
BRF:0
BRH:0
end_of_record
TN:
SF:src\controllers\adminController.js
FN:10,(anonymous_0)
FN:20,(anonymous_1)
FN:31,(anonymous_2)
FN:42,(anonymous_3)
FN:55,(anonymous_4)
FN:64,(anonymous_5)
FN:68,(anonymous_6)
FN:86,(anonymous_7)
FN:95,(anonymous_8)
FN:112,(anonymous_9)
FN:128,(anonymous_10)
FN:141,(anonymous_11)
FN:146,(anonymous_12)
FNF:13
FNH:0
FNDA:0,(anonymous_0)
FNDA:0,(anonymous_1)
FNDA:0,(anonymous_2)
FNDA:0,(anonymous_3)
FNDA:0,(anonymous_4)
FNDA:0,(anonymous_5)
FNDA:0,(anonymous_6)
FNDA:0,(anonymous_7)
FNDA:0,(anonymous_8)
FNDA:0,(anonymous_9)
FNDA:0,(anonymous_10)
FNDA:0,(anonymous_11)
FNDA:0,(anonymous_12)
DA:11,0
DA:12,0
DA:16,0
DA:17,0
DA:21,0
DA:22,0
DA:23,0
DA:24,0
DA:26,0
DA:27,0
DA:28,0
DA:32,0
DA:33,0
DA:34,0
DA:35,0
DA:37,0
DA:38,0
DA:39,0
DA:43,0
DA:49,0
DA:56,0
DA:61,0
DA:65,0
DA:69,0
DA:70,0
DA:72,0
DA:87,0
DA:88,0
DA:89,0
DA:91,0
DA:96,0
DA:102,0
DA:113,0
DA:114,0
DA:116,0
DA:125,0
DA:129,0
DA:130,0
DA:131,0
DA:133,0
DA:138,0
DA:142,0
DA:143,0
DA:148,0
LF:44
LH:0
BRDA:11,0,0,0
BRDA:11,1,0,0
BRDA:23,2,0,0
BRDA:23,2,1,0
BRDA:27,3,0,0
BRDA:27,3,1,0
BRDA:34,4,0,0
BRDA:34,4,1,0
BRDA:38,5,0,0
BRDA:38,5,1,0
BRDA:114,6,0,0
BRDA:114,6,1,0
BRDA:129,7,0,0
BRDA:129,7,1,0
BRF:14
BRH:0
end_of_record
TN:
SF:src\controllers\aijobController.js
FN:5,createAIJob
FN:24,getAIJob
FNF:2
FNH:0
FNDA:0,createAIJob
FNDA:0,getAIJob
DA:6,0
DA:7,0
DA:8,0
DA:9,0
DA:12,0
DA:15,0
DA:17,0
DA:19,0
DA:25,0
DA:26,0
DA:27,0
DA:29,0
DA:31,0
DA:33,0
LF:14
LH:0
BRDA:8,0,0,0
BRDA:8,0,1,0
BRDA:8,1,0,0
BRDA:8,1,1,0
BRDA:29,2,0,0
BRDA:29,2,1,0
BRF:6
BRH:0
end_of_record
TN:
SF:src\controllers\analyticsController.js
FN:4,fileOverview
FN:15,fileTrends
FN:27,fileErrors
FN:38,runFileAnalytics
FNF:4
FNH:0
FNDA:0,fileOverview
FNDA:0,fileTrends
FNDA:0,fileErrors
FNDA:0,runFileAnalytics
DA:5,0
DA:6,0
DA:7,0
DA:8,0
DA:10,0
DA:16,0
DA:17,0
DA:18,0
DA:19,0
DA:20,0
DA:22,0
DA:28,0
DA:29,0
DA:30,0
DA:31,0
DA:33,0
DA:39,0
DA:40,0
DA:41,0
DA:42,0
DA:44,0
LF:21
LH:0
BRDA:18,0,0,0
BRF:1
BRH:0
end_of_record
TN:
SF:src\controllers\authController.js
FN:9,(anonymous_0)
FN:40,(anonymous_1)
FN:85,(anonymous_2)
FN:120,(anonymous_3)
FN:131,(anonymous_4)
FN:142,(anonymous_5)
FN:158,(anonymous_6)
FN:173,(anonymous_7)
FN:177,(anonymous_8)
FN:209,(anonymous_9)
FN:224,(anonymous_10)
FN:234,(anonymous_11)
FN:244,(anonymous_12)
FN:253,(anonymous_13)
FNF:14
FNH:1
FNDA:20,(anonymous_0)
FNDA:0,(anonymous_1)
FNDA:0,(anonymous_2)
FNDA:0,(anonymous_3)
FNDA:0,(anonymous_4)
FNDA:0,(anonymous_5)
FNDA:0,(anonymous_6)
FNDA:0,(anonymous_7)
FNDA:0,(anonymous_8)
FNDA:0,(anonymous_9)
FNDA:0,(anonymous_10)
FNDA:0,(anonymous_11)
FNDA:0,(anonymous_12)
FNDA:0,(anonymous_13)
DA:9,1
DA:10,20
DA:11,20
DA:12,20
DA:13,20
DA:16,20
DA:27,5
DA:29,5
DA:35,15
DA:40,1
DA:41,0
DA:42,0
DA:43,0
DA:44,0
DA:46,0
DA:47,0
DA:49,0
DA:50,0
DA:51,0
DA:57,0
DA:58,0
DA:59,0
DA:60,0
DA:63,0
DA:66,0
DA:71,0
DA:73,0
DA:80,0
DA:85,1
DA:86,0
DA:87,0
DA:88,0
DA:89,0
DA:93,0
DA:96,0
DA:97,0
DA:98,0
DA:102,0
DA:106,0
DA:109,0
DA:112,0
DA:114,0
DA:116,0
DA:120,1
DA:121,0
DA:122,0
DA:123,0
DA:124,0
DA:126,0
DA:131,1
DA:132,0
DA:133,0
DA:134,0
DA:135,0
DA:137,0
DA:142,1
DA:143,0
DA:144,0
DA:145,0
DA:146,0
DA:148,0
DA:149,0
DA:151,0
DA:153,0
DA:158,1
DA:159,0
DA:160,0
DA:161,0
DA:163,0
DA:165,0
DA:167,0
DA:173,1
DA:174,0
DA:177,1
DA:178,0
DA:179,0
DA:182,0
DA:183,0
DA:184,0
DA:185,0
DA:188,0
DA:189,0
DA:192,0
DA:198,0
DA:199,0
DA:202,0
DA:204,0
DA:205,0
DA:209,1
DA:210,0
DA:211,0
DA:212,0
DA:214,0
DA:215,0
DA:217,0
DA:218,0
DA:220,0
DA:224,1
DA:225,0
DA:226,0
DA:227,0
DA:228,0
DA:230,0
DA:234,1
DA:235,0
DA:236,0
DA:237,0
DA:238,0
DA:240,0
DA:244,1
DA:245,0
DA:246,0
DA:247,0
DA:249,0
DA:253,1
DA:254,0
DA:255,0
DA:257,0
DA:258,0
DA:259,0
DA:265,0
DA:266,0
DA:272,0
DA:274,0
DA:279,0
LF:125
LH:22
BRDA:12,0,0,20
BRDA:12,0,1,20
BRDA:43,1,0,0
BRDA:43,1,1,0
BRDA:47,2,0,0
BRDA:47,2,1,0
BRDA:50,3,0,0
BRDA:50,3,1,0
BRDA:58,4,0,0
BRDA:58,4,1,0
BRDA:59,5,0,0
BRDA:59,5,1,0
BRDA:88,6,0,0
BRDA:88,6,1,0
BRDA:97,7,0,0
BRDA:97,7,1,0
BRDA:122,8,0,0
BRDA:122,8,1,0
BRDA:146,9,0,0
BRDA:146,9,1,0
BRDA:185,10,0,0
BRDA:185,10,1,0
BRDA:188,11,0,0
BRDA:188,11,1,0
BRDA:198,12,0,0
BRDA:198,12,1,0
BRDA:215,13,0,0
BRDA:215,13,1,0
BRDA:258,14,0,0
BRDA:258,14,1,0
BRDA:265,15,0,0
BRDA:265,15,1,0
BRF:32
BRH:2
end_of_record
TN:
SF:src\controllers\fileController.js
FN:7,uploadFile
FN:34,listFiles
FN:44,getFileDetails
FN:57,deleteFileById
FN:65,(anonymous_4)
FN:77,detectFileType
FNF:6
FNH:0
FNDA:0,uploadFile
FNDA:0,listFiles
FNDA:0,getFileDetails
FNDA:0,deleteFileById
FNDA:0,(anonymous_4)
FNDA:0,detectFileType
DA:8,0
DA:10,0
DA:11,0
DA:14,0
DA:16,0
DA:26,0
DA:28,0
DA:29,0
DA:35,0
DA:36,0
DA:37,0
DA:39,0
DA:45,0
DA:46,0
DA:47,0
DA:48,0
DA:50,0
DA:52,0
DA:58,0
DA:59,0
DA:60,0
DA:61,0
DA:65,0
DA:66,0
DA:69,0
DA:71,0
DA:73,0
DA:78,0
DA:79,0
DA:80,0
DA:81,0
DA:82,0
DA:83,0
DA:87,0
DA:88,0
DA:90,0
LF:36
LH:0
BRDA:10,0,0,0
BRDA:10,0,1,0
BRDA:47,1,0,0
BRDA:47,1,1,0
BRDA:60,2,0,0
BRDA:60,2,1,0
BRDA:66,3,0,0
BRDA:66,3,1,0
BRDA:78,4,0,0
BRDA:78,4,1,0
BRDA:79,5,0,0
BRDA:79,5,1,0
BRDA:80,6,0,0
BRDA:80,6,1,0
BRDA:80,7,0,0
BRDA:80,7,1,0
BRDA:82,8,0,0
BRDA:82,8,1,0
BRDA:83,9,0,0
BRDA:83,9,1,0
BRDA:84,10,0,0
BRDA:84,10,1,0
BRDA:88,11,0,0
BRDA:88,11,1,0
BRF:24
BRH:0
end_of_record
TN:
SF:src\controllers\jobController.js
FN:4,(anonymous_0)
FN:17,(anonymous_1)
FN:30,(anonymous_2)
FNF:3
FNH:0
FNDA:0,(anonymous_0)
FNDA:0,(anonymous_1)
FNDA:0,(anonymous_2)
DA:4,1
DA:5,0
DA:6,0
DA:7,0
DA:8,0
DA:10,0
DA:12,0
DA:17,1
DA:18,0
DA:19,0
DA:20,0
DA:21,0
DA:23,0
DA:25,0
DA:30,1
DA:31,0
DA:32,0
DA:33,0
DA:35,0
LF:19
LH:3
BRDA:7,0,0,0
BRDA:7,0,1,0
BRDA:20,1,0,0
BRDA:20,1,1,0
BRF:4
BRH:0
end_of_record
TN:
SF:src\controllers\notificationController.js
FN:5,listNotifications
FN:28,markAsRead
FN:43,markAllAsRead
FN:55,deleteNotification
FN:70,getStats
FNF:5
FNH:0
FNDA:0,listNotifications
FNDA:0,markAsRead
FNDA:0,markAllAsRead
FNDA:0,deleteNotification
FNDA:0,getStats
DA:6,0
DA:7,0
DA:8,0
DA:9,0
DA:11,0
DA:12,0
DA:14,0
DA:22,0
DA:29,0
DA:30,0
DA:31,0
DA:33,0
DA:35,0
DA:37,0
DA:44,0
DA:45,0
DA:46,0
DA:47,0
DA:49,0
DA:56,0
DA:57,0
DA:58,0
DA:60,0
DA:62,0
DA:64,0
DA:71,0
DA:72,0
DA:73,0
DA:74,0
DA:76,0
DA:78,0
LF:31
LH:0
BRDA:7,0,0,0
BRDA:7,0,1,0
BRDA:8,1,0,0
BRDA:8,1,1,0
BRDA:33,2,0,0
BRDA:33,2,1,0
BRDA:60,3,0,0
BRDA:60,3,1,0
BRF:8
BRH:0
end_of_record
TN:
SF:src\jobs\aiJobProcessor.js
FN:10,processAIJob
FNF:1
FNH:0
FNDA:0,processAIJob
DA:11,0
DA:12,0
DA:14,0
DA:15,0
DA:16,0
DA:20,0
DA:22,0
DA:23,0
DA:25,0
DA:26,0
DA:28,0
DA:29,0
DA:31,0
DA:32,0
DA:34,0
DA:37,0
DA:38,0
DA:39,0
DA:41,0
DA:42,0
DA:43,0
LF:21
LH:0
BRDA:12,0,0,0
BRDA:12,0,1,0
BRDA:20,1,0,0
BRDA:20,1,1,0
BRDA:20,1,2,0
BRDA:20,1,3,0
BRDA:20,1,4,0
BRDA:42,2,0,0
BRDA:42,2,1,0
BRF:9
BRH:0
end_of_record
TN:
SF:src\middleware\fileUpload.js
FN:27,(anonymous_0)
FN:28,(anonymous_1)
FN:36,fileFilter
FNF:3
FNH:0
FNDA:0,(anonymous_0)
FNDA:0,(anonymous_1)
FNDA:0,fileFilter
DA:7,1
DA:20,1
DA:21,1
DA:22,0
DA:26,1
DA:27,0
DA:29,0
DA:30,0
DA:31,0
DA:37,0
DA:39,0
DA:42,0
DA:43,0
DA:47,0
DA:49,0
DA:50,0
DA:52,0
DA:61,0
DA:62,0
DA:63,0
DA:64,0
DA:69,0
DA:73,1
LF:23
LH:5
BRDA:21,0,0,0
BRDA:21,0,1,1
BRDA:42,1,0,0
BRDA:42,1,1,0
BRDA:47,2,0,0
BRDA:47,2,1,0
BRDA:61,3,0,0
BRDA:61,3,1,0
BRF:8
BRH:1
end_of_record
TN:
SF:src\middleware\Auth\extractToken.js
FN:1,(anonymous_0)
FNF:1
FNH:0
FNDA:0,(anonymous_0)
DA:1,1
DA:2,0
DA:5,0
DA:6,0
DA:10,0
DA:11,0
DA:12,0
DA:17,0
LF:8
LH:1
BRDA:5,0,0,0
BRDA:5,0,1,0
BRDA:5,1,0,0
BRDA:5,1,1,0
BRDA:10,2,0,0
BRDA:10,2,1,0
BRDA:12,3,0,0
BRDA:12,3,1,0
BRF:8
BRH:0
end_of_record
TN:
SF:src\middleware\Auth\requireAuth.js
FN:7,(anonymous_0)
FNF:1
FNH:0
FNDA:0,(anonymous_0)
DA:7,1
DA:8,0
DA:9,0
DA:10,0
DA:12,0
DA:13,0
DA:14,0
DA:17,0
DA:18,0
DA:20,0
DA:21,0
DA:24,0
DA:25,0
DA:28,0
DA:29,0
DA:32,0
DA:33,0
DA:35,0
DA:36,0
DA:38,0
DA:39,0
LF:21
LH:1
BRDA:10,0,0,0
BRDA:10,0,1,0
BRDA:13,1,0,0
BRDA:13,1,1,0
BRDA:18,2,0,0
BRDA:18,2,1,0
BRDA:20,3,0,0
BRDA:20,3,1,0
BRDA:24,4,0,0
BRDA:24,4,1,0
BRDA:24,5,0,0
BRDA:24,5,1,0
BRDA:28,6,0,0
BRDA:28,6,1,0
BRDA:28,7,0,0
BRDA:28,7,1,0
BRDA:39,8,0,0
BRDA:39,8,1,0
BRF:18
BRH:0
end_of_record
TN:
SF:src\middleware\Auth\roles.js
FN:4,(anonymous_0)
FN:5,(anonymous_1)
FNF:2
FNH:1
FNDA:3,(anonymous_0)
FNDA:0,(anonymous_1)
DA:4,1
DA:5,3
DA:6,0
DA:7,0
DA:10,0
DA:11,0
DA:17,0
DA:18,0
DA:22,1
DA:23,1
LF:10
LH:4
BRDA:6,0,0,0
BRDA:6,0,1,0
BRDA:10,1,0,0
BRDA:10,1,1,0
BRF:4
BRH:0
end_of_record
TN:
SF:src\models\AIJob.js
FNF:0
FNH:0
DA:3,1
LF:1
LH:1
BRF:0
BRH:0
end_of_record
TN:
SF:src\models\DataPoint.js
FN:105,(anonymous_0)
FN:123,(anonymous_1)
FN:135,(anonymous_2)
FN:139,(anonymous_3)
FN:145,(anonymous_4)
FN:150,(anonymous_5)
FN:156,(anonymous_6)
FN:177,(anonymous_7)
FN:210,(anonymous_8)
FN:228,(anonymous_9)
FNF:10
FNH:0
FNDA:0,(anonymous_0)
FNDA:0,(anonymous_1)
FNDA:0,(anonymous_2)
FNDA:0,(anonymous_3)
FNDA:0,(anonymous_4)
FNDA:0,(anonymous_5)
FNDA:0,(anonymous_6)
FNDA:0,(anonymous_7)
FNDA:0,(anonymous_8)
FNDA:0,(anonymous_9)
DA:3,1
DA:6,1
DA:106,0
DA:107,0
DA:108,0
DA:116,1
DA:117,1
DA:118,1
DA:119,1
DA:120,1
DA:123,1
DA:124,0
DA:125,0
DA:126,0
DA:135,1
DA:136,0
DA:139,1
DA:140,0
DA:141,0
DA:142,0
DA:145,1
DA:146,0
DA:147,0
DA:150,1
DA:151,0
DA:152,0
DA:156,1
DA:163,0
DA:165,0
DA:177,1
DA:179,0
DA:181,0
DA:210,1
DA:212,0
DA:213,0
DA:214,0
DA:215,0
DA:216,0
DA:217,0
DA:218,0
DA:225,0
DA:226,0
DA:227,0
DA:229,0
DA:233,0
DA:237,0
DA:241,1
LF:47
LH:16
BRDA:124,0,0,0
BRDA:124,0,1,0
BRDA:125,1,0,0
BRDA:125,1,1,0
BRDA:130,2,0,0
BRDA:130,2,1,0
BRDA:136,3,0,0
BRDA:136,3,1,0
BRDA:140,4,0,0
BRDA:140,4,1,0
BRDA:142,5,0,0
BRDA:142,5,1,0
BRDA:145,6,0,0
BRDA:150,7,0,0
BRDA:158,8,0,0
BRDA:159,9,0,0
BRDA:160,10,0,0
BRDA:163,11,0,0
BRDA:163,11,1,0
BRDA:179,12,0,0
BRDA:179,12,1,0
BRDA:212,13,0,0
BRDA:212,13,1,0
BRDA:212,14,0,0
BRDA:212,14,1,0
BRDA:214,15,0,0
BRDA:214,15,1,0
BRDA:216,16,0,0
BRDA:216,16,1,0
BRDA:225,17,0,0
BRDA:225,17,1,0
BRDA:229,18,0,0
BRDA:229,18,1,0
BRDA:229,18,2,0
BRDA:233,19,0,0
BRDA:233,19,1,0
BRF:36
BRH:0
end_of_record
TN:
SF:src\models\File.js
FN:71,(anonymous_0)
FN:75,(anonymous_1)
FN:84,(anonymous_2)
FN:88,(anonymous_3)
FN:97,(anonymous_4)
FN:104,(anonymous_5)
FN:109,(anonymous_6)
FN:114,(anonymous_7)
FNF:8
FNH:0
FNDA:0,(anonymous_0)
FNDA:0,(anonymous_1)
FNDA:0,(anonymous_2)
FNDA:0,(anonymous_3)
FNDA:0,(anonymous_4)
FNDA:0,(anonymous_5)
FNDA:0,(anonymous_6)
FNDA:0,(anonymous_7)
DA:3,1
DA:5,1
DA:12,1
DA:20,1
DA:37,1
DA:47,1
DA:71,1
DA:72,0
DA:73,0
DA:75,0
DA:76,0
DA:77,0
DA:78,0
DA:81,0
DA:84,1
DA:88,0
DA:89,0
DA:90,0
DA:92,0
DA:94,0
DA:97,1
DA:98,0
DA:104,1
DA:105,0
DA:106,0
DA:109,1
DA:110,0
DA:111,0
DA:114,1
DA:115,0
DA:116,0
DA:119,1
LF:32
LH:13
BRDA:71,0,0,0
BRDA:76,1,0,0
BRDA:76,1,1,0
BRDA:86,2,0,0
BRDA:89,3,0,0
BRDA:89,3,1,0
BRF:6
BRH:0
end_of_record
TN:
SF:src\models\Notification.js
FN:62,(anonymous_0)
FN:67,(anonymous_1)
FN:73,(anonymous_2)
FN:80,(anonymous_3)
FN:91,(anonymous_4)
FNF:5
FNH:0
FNDA:0,(anonymous_0)
FNDA:0,(anonymous_1)
FNDA:0,(anonymous_2)
FNDA:0,(anonymous_3)
FNDA:0,(anonymous_4)
DA:3,1
DA:6,1
DA:21,1
DA:29,1
DA:38,1
DA:62,1
DA:63,0
DA:67,1
DA:68,0
DA:69,0
DA:70,0
DA:73,1
DA:74,0
DA:75,0
DA:76,0
DA:80,1
DA:81,0
DA:91,1
DA:92,0
DA:99,1
LF:20
LH:11
BRDA:80,0,0,0
BRF:1
BRH:0
end_of_record
TN:
SF:src\models\SecurityLog.js
FNF:0
FNH:0
DA:3,1
DA:5,1
LF:2
LH:2
BRF:0
BRH:0
end_of_record
TN:
SF:src\models\Session.js
FN:31,(anonymous_0)
FN:42,(anonymous_1)
FN:49,(anonymous_2)
FN:54,(anonymous_3)
FN:59,(anonymous_4)
FN:66,(anonymous_5)
FN:71,(anonymous_6)
FN:78,(anonymous_7)
FNF:8
FNH:0
FNDA:0,(anonymous_0)
FNDA:0,(anonymous_1)
FNDA:0,(anonymous_2)
FNDA:0,(anonymous_3)
FNDA:0,(anonymous_4)
FNDA:0,(anonymous_5)
FNDA:0,(anonymous_6)
FNDA:0,(anonymous_7)
DA:4,1
DA:31,1
DA:32,0
DA:33,0
DA:35,0
DA:36,0
DA:38,0
DA:42,1
DA:43,0
DA:44,0
DA:45,0
DA:49,1
DA:50,0
DA:54,1
DA:55,0
DA:59,1
DA:60,0
DA:61,0
DA:62,0
DA:66,1
DA:67,0
DA:71,1
DA:72,0
DA:78,1
DA:79,0
DA:80,0
DA:81,0
DA:82,0
DA:85,1
LF:29
LH:10
BRDA:32,0,0,0
BRDA:32,0,1,0
BRDA:35,1,0,0
BRDA:35,1,1,0
BRDA:35,2,0,0
BRDA:35,2,1,0
BRDA:35,2,2,0
BRDA:54,3,0,0
BRDA:59,4,0,0
BRDA:59,5,0,0
BRDA:61,6,0,0
BRDA:61,6,1,0
BRF:12
BRH:0
end_of_record
TN:
SF:src\models\User.js
FN:36,(anonymous_0)
FN:72,(anonymous_1)
FN:82,(anonymous_2)
FN:85,(anonymous_3)
FN:90,(anonymous_4)
FN:97,(anonymous_5)
FNF:6
FNH:2
FNDA:11,(anonymous_0)
FNDA:0,(anonymous_1)
FNDA:0,(anonymous_2)
FNDA:0,(anonymous_3)
FNDA:9,(anonymous_4)
FNDA:0,(anonymous_5)
DA:5,1
DA:10,1
DA:17,1
DA:36,11
DA:72,0
DA:82,1
DA:83,0
DA:85,1
DA:86,0
DA:90,1
DA:91,9
DA:92,9
DA:93,9
DA:97,1
DA:98,0
DA:101,1
LF:16
LH:12
BRDA:72,0,0,0
BRDA:72,0,1,0
BRDA:86,1,0,0
BRDA:86,1,1,0
BRDA:91,2,0,0
BRDA:91,2,1,9
BRF:6
BRH:1
end_of_record
TN:
SF:src\processors\csvProcessor.js
FN:5,processCSVStream
FN:6,(anonymous_1)
FN:15,(anonymous_2)
FN:29,(anonymous_3)
FN:35,(anonymous_4)
FNF:5
FNH:0
FNDA:0,processCSVStream
FNDA:0,(anonymous_1)
FNDA:0,(anonymous_2)
FNDA:0,(anonymous_3)
FNDA:0,(anonymous_4)
DA:6,0
DA:7,0
DA:9,0
DA:10,0
DA:11,0
DA:13,0
DA:16,0
DA:17,0
DA:19,0
DA:20,0
DA:21,0
DA:24,0
DA:25,0
DA:26,0
DA:30,0
DA:31,0
DA:33,0
DA:35,0
LF:18
LH:0
BRDA:19,0,0,0
BRDA:19,0,1,0
BRDA:24,1,0,0
BRDA:24,1,1,0
BRDA:30,2,0,0
BRDA:30,2,1,0
BRF:6
BRH:0
end_of_record
TN:
SF:src\processors\jsonProcessor.js
FN:15,processJSONStream
FN:16,(anonymous_1)
FN:27,(anonymous_2)
FN:42,(anonymous_3)
FN:49,(anonymous_4)
FNF:5
FNH:0
FNDA:0,processJSONStream
FNDA:0,(anonymous_1)
FNDA:0,(anonymous_2)
FNDA:0,(anonymous_3)
FNDA:0,(anonymous_4)
DA:4,1
DA:7,1
DA:10,1
DA:16,0
DA:17,0
DA:23,0
DA:24,0
DA:25,0
DA:27,0
DA:28,0
DA:29,0
DA:31,0
DA:32,0
DA:33,0
DA:36,0
DA:37,0
DA:38,0
DA:42,0
DA:43,0
DA:44,0
DA:46,0
DA:49,0
LF:22
LH:3
BRDA:31,0,0,0
BRDA:31,0,1,0
BRDA:36,1,0,0
BRDA:36,1,1,0
BRDA:43,2,0,0
BRDA:43,2,1,0
BRF:6
BRH:0
end_of_record
TN:
SF:src\queues\fileQueue.js
FN:12,(anonymous_0)
FN:16,(anonymous_1)
FNF:2
FNH:0
FNDA:0,(anonymous_0)
FNDA:0,(anonymous_1)
DA:4,1
DA:7,1
DA:10,1
DA:12,1
DA:13,0
DA:16,1
DA:17,0
LF:7
LH:5
BRF:0
BRH:0
end_of_record
TN:
SF:src\queues\index.js
FN:7,(anonymous_0)
FN:8,(anonymous_1)
FN:9,(anonymous_2)
FN:10,(anonymous_3)
FN:20,(anonymous_4)
FN:28,(anonymous_5)
FN:47,(anonymous_6)
FN:52,(anonymous_7)
FN:55,(anonymous_8)
FN:66,(anonymous_9)
FN:78,(anonymous_10)
FN:81,(anonymous_11)
FN:86,(anonymous_12)
FN:91,(anonymous_13)
FN:95,(anonymous_14)
FN:97,(anonymous_15)
FN:101,(anonymous_16)
FN:103,(anonymous_17)
FN:104,(anonymous_18)
FN:105,(anonymous_19)
FN:106,(anonymous_20)
FN:110,(anonymous_21)
FN:111,(anonymous_22)
FN:114,(anonymous_23)
FN:115,(anonymous_24)
FN:118,(anonymous_25)
FN:119,(anonymous_26)
FN:122,(anonymous_27)
FN:123,(anonymous_28)
FN:129,(anonymous_29)
FN:137,(anonymous_30)
FN:152,(anonymous_31)
FN:161,(anonymous_32)
FN:168,(anonymous_33)
FN:169,(anonymous_34)
FN:170,(anonymous_35)
FN:171,(anonymous_36)
FN:177,(anonymous_37)
FN:184,createQueue
FN:193,createWorker
FN:199,(anonymous_40)
FN:208,(anonymous_41)
FN:211,(anonymous_42)
FN:218,createQueueEvents
FN:222,(anonymous_44)
FN:223,(anonymous_45)
FN:224,(anonymous_46)
FN:225,(anonymous_47)
FN:233,getQueueStats
FN:239,getAllQueues
FNF:50
FNH:6
FNDA:0,(anonymous_0)
FNDA:0,(anonymous_1)
FNDA:0,(anonymous_2)
FNDA:0,(anonymous_3)
FNDA:1,(anonymous_4)
FNDA:0,(anonymous_5)
FNDA:0,(anonymous_6)
FNDA:0,(anonymous_7)
FNDA:0,(anonymous_8)
FNDA:0,(anonymous_9)
FNDA:0,(anonymous_10)
FNDA:0,(anonymous_11)
FNDA:0,(anonymous_12)
FNDA:0,(anonymous_13)
FNDA:0,(anonymous_14)
FNDA:0,(anonymous_15)
FNDA:0,(anonymous_16)
FNDA:0,(anonymous_17)
FNDA:0,(anonymous_18)
FNDA:0,(anonymous_19)
FNDA:0,(anonymous_20)
FNDA:0,(anonymous_21)
FNDA:0,(anonymous_22)
FNDA:0,(anonymous_23)
FNDA:0,(anonymous_24)
FNDA:0,(anonymous_25)
FNDA:0,(anonymous_26)
FNDA:0,(anonymous_27)
FNDA:0,(anonymous_28)
FNDA:1,(anonymous_29)
FNDA:0,(anonymous_30)
FNDA:0,(anonymous_31)
FNDA:1,(anonymous_32)
FNDA:0,(anonymous_33)
FNDA:0,(anonymous_34)
FNDA:0,(anonymous_35)
FNDA:0,(anonymous_36)
FNDA:0,(anonymous_37)
FNDA:1,createQueue
FNDA:1,createWorker
FNDA:0,(anonymous_40)
FNDA:0,(anonymous_41)
FNDA:0,(anonymous_42)
FNDA:1,createQueueEvents
FNDA:0,(anonymous_44)
FNDA:0,(anonymous_45)
FNDA:0,(anonymous_46)
FNDA:0,(anonymous_47)
FNDA:0,getQueueStats
FNDA:0,getAllQueues
DA:3,1
DA:6,1
DA:7,0
DA:8,0
DA:9,0
DA:10,0
DA:14,1
DA:15,1
DA:16,1
DA:21,1
DA:22,1
DA:23,1
DA:24,1
DA:25,1
DA:29,0
DA:40,0
DA:41,0
DA:43,0
DA:44,0
DA:47,0
DA:49,0
DA:53,0
DA:55,0
DA:56,0
DA:58,0
DA:59,0
DA:60,0
DA:62,0
DA:63,0
DA:66,0
DA:68,0
DA:69,0
DA:71,0
DA:72,0
DA:75,0
DA:77,0
DA:78,0
DA:82,0
DA:83,0
DA:87,0
DA:88,0
DA:92,0
DA:96,0
DA:97,0
DA:102,0
DA:103,0
DA:104,0
DA:105,0
DA:106,0
DA:111,0
DA:115,0
DA:119,0
DA:123,0
DA:130,1
DA:131,1
DA:132,1
DA:133,1
DA:134,1
DA:138,0
DA:140,0
DA:141,0
DA:142,0
DA:143,0
DA:144,0
DA:146,0
DA:147,0
DA:148,0
DA:153,0
DA:154,0
DA:155,0
DA:162,1
DA:163,1
DA:164,1
DA:166,1
DA:167,1
DA:168,1
DA:169,1
DA:170,1
DA:171,1
DA:172,0
DA:178,0
DA:179,0
DA:185,1
DA:187,1
DA:188,1
DA:189,1
DA:190,1
DA:194,1
DA:195,1
DA:197,1
DA:198,1
DA:199,1
DA:200,0
DA:201,0
DA:208,1
DA:209,0
DA:211,1
DA:212,0
DA:215,1
DA:219,1
DA:220,1
DA:222,1
DA:223,1
DA:224,1
DA:225,1
DA:226,0
DA:229,1
DA:234,0
DA:235,0
DA:236,0
DA:240,0
DA:243,1
LF:112
LH:45
BRDA:20,0,0,1
BRDA:28,1,0,0
BRDA:53,2,0,0
BRDA:53,2,1,0
BRDA:56,3,0,0
BRDA:56,3,1,0
BRDA:95,4,0,0
BRDA:96,5,0,0
BRDA:96,5,1,0
BRDA:129,6,0,1
BRDA:138,7,0,0
BRDA:138,7,1,0
BRDA:161,8,0,1
BRDA:167,9,0,1
BRDA:167,9,1,0
BRDA:185,10,0,0
BRDA:185,10,1,1
BRDA:198,11,0,1
BRDA:198,11,1,0
BRDA:235,12,0,0
BRDA:235,12,1,0
BRF:21
BRH:6
end_of_record
TN:
SF:src\routes\admin.js
FNF:0
FNH:0
DA:6,1
DA:9,1
DA:14,1
DA:17,1
DA:20,1
DA:23,1
DA:28,1
DA:31,1
DA:34,1
DA:37,1
DA:42,1
DA:45,1
DA:48,1
DA:51,1
DA:54,1
LF:15
LH:15
BRF:0
BRH:0
end_of_record
TN:
SF:src\routes\aijob.js
FNF:0
FNH:0
DA:5,1
DA:8,1
DA:11,1
LF:3
LH:3
BRF:0
BRH:0
end_of_record
TN:
SF:src\routes\analytics.js
FNF:0
FNH:0
DA:11,1
DA:14,1
DA:15,1
DA:16,1
DA:19,1
LF:5
LH:5
BRF:0
BRH:0
end_of_record
TN:
SF:src\routes\auth.js
FN:57,(anonymous_0)
FN:68,(anonymous_1)
FNF:2
FNH:0
FNDA:0,(anonymous_0)
FNDA:0,(anonymous_1)
DA:6,1
DA:11,1
DA:14,1
DA:17,1
DA:20,1
DA:23,1
DA:26,1
DA:29,1
DA:34,1
DA:37,1
DA:40,1
DA:43,1
DA:46,1
DA:49,1
DA:52,1
DA:57,1
DA:58,0
DA:68,1
DA:69,0
LF:19
LH:17
BRF:0
BRH:0
end_of_record
TN:
SF:src\routes\files.js
FN:17,(anonymous_0)
FN:18,(anonymous_1)
FNF:2
FNH:0
FNDA:0,(anonymous_0)
FNDA:0,(anonymous_1)
DA:11,1
DA:14,1
DA:18,0
DA:19,0
DA:20,0
DA:21,0
DA:26,0
DA:33,1
DA:36,1
DA:39,1
LF:10
LH:5
BRDA:19,0,0,0
BRDA:19,0,1,0
BRF:2
BRH:0
end_of_record
TN:
SF:src\routes\jobs.js
FN:14,(anonymous_0)
FNF:1
FNH:0
FNDA:0,(anonymous_0)
DA:11,1
DA:14,1
DA:15,0
DA:16,0
DA:17,0
DA:18,0
DA:21,0
DA:22,0
DA:24,0
DA:29,1
DA:32,1
DA:35,1
LF:12
LH:5
BRDA:17,0,0,0
BRDA:17,0,1,0
BRF:2
BRH:0
end_of_record
TN:
SF:src\routes\notifications.js
FNF:0
FNH:0
DA:5,1
DA:8,1
DA:11,1
DA:14,1
DA:17,1
DA:20,1
DA:23,1
LF:7
LH:7
BRF:0
BRH:0
end_of_record
TN:
SF:src\services\aiService.js
FN:9,(anonymous_0)
FN:15,requestWithRetry
FN:32,sanitizeDataset
FN:46,runAnalysis
FN:50,(anonymous_4)
FN:61,generateInsights
FN:65,(anonymous_6)
FN:76,detectPatterns
FN:80,(anonymous_8)
FN:91,askQuestion
FN:95,(anonymous_10)
FNF:11
FNH:0
FNDA:0,(anonymous_0)
FNDA:0,requestWithRetry
FNDA:0,sanitizeDataset
FNDA:0,runAnalysis
FNDA:0,(anonymous_4)
FNDA:0,generateInsights
FNDA:0,(anonymous_6)
FNDA:0,detectPatterns
FNDA:0,(anonymous_8)
FNDA:0,askQuestion
FNDA:0,(anonymous_10)
DA:3,1
DA:6,1
DA:9,1
DA:10,0
DA:11,0
DA:16,0
DA:17,0
DA:18,0
DA:19,0
DA:21,0
DA:22,0
DA:23,0
DA:24,0
DA:26,0
DA:33,0
DA:35,0
DA:36,0
DA:37,0
DA:38,0
DA:41,0
DA:47,0
DA:48,0
DA:50,0
DA:51,0
DA:54,0
DA:57,0
DA:58,0
DA:62,0
DA:63,0
DA:65,0
DA:66,0
DA:69,0
DA:72,0
DA:73,0
DA:77,0
DA:78,0
DA:80,0
DA:81,0
DA:84,0
DA:87,0
DA:88,0
DA:92,0
DA:93,0
DA:95,0
DA:96,0
DA:100,0
DA:103,0
DA:104,0
LF:48
LH:3
BRDA:3,0,0,1
BRDA:3,0,1,0
BRDA:15,1,0,0
BRDA:22,2,0,0
BRDA:22,2,1,0
BRDA:24,3,0,0
BRDA:24,3,1,0
BRDA:33,4,0,0
BRDA:33,4,1,0
BRDA:33,5,0,0
BRDA:33,5,1,0
BRDA:37,6,0,0
BRDA:37,6,1,0
BRDA:37,7,0,0
BRDA:37,7,1,0
BRDA:48,8,0,0
BRDA:48,8,1,0
BRDA:57,9,0,0
BRDA:57,9,1,0
BRDA:63,10,0,0
BRDA:63,10,1,0
BRDA:72,11,0,0
BRDA:72,11,1,0
BRDA:78,12,0,0
BRDA:78,12,1,0
BRDA:87,13,0,0
BRDA:87,13,1,0
BRDA:93,14,0,0
BRDA:93,14,1,0
BRDA:103,15,0,0
BRDA:103,15,1,0
BRF:31
BRH:1
end_of_record
TN:
SF:src\services\analyticsService.js
FN:5,getFileOverview
FN:15,getTrends
FN:38,getTopErrors
FN:62,runAnalytics
FNF:4
FNH:0
FNDA:0,getFileOverview
FNDA:0,getTrends
FNDA:0,getTopErrors
FNDA:0,runAnalytics
DA:6,0
DA:8,0
DA:10,0
DA:11,0
DA:16,0
DA:18,0
DA:21,0
DA:27,0
DA:33,0
DA:34,0
DA:39,0
DA:41,0
DA:43,0
DA:57,0
DA:58,0
DA:63,0
DA:65,0
DA:71,0
LF:18
LH:0
BRDA:15,0,0,0
BRDA:18,1,0,0
BRDA:18,1,1,0
BRDA:21,2,0,0
BRDA:21,2,1,0
BRDA:23,3,0,0
BRDA:23,3,1,0
BRDA:38,4,0,0
BRDA:41,5,0,0
BRDA:41,5,1,0
BRF:10
BRH:0
end_of_record
TN:
SF:src\services\authService.js
FN:16,(anonymous_0)
FN:60,(anonymous_1)
FN:74,(anonymous_2)
FN:96,(anonymous_3)
FN:117,(anonymous_4)
FN:121,(anonymous_5)
FN:125,(anonymous_6)
FN:134,(anonymous_7)
FN:158,(anonymous_8)
FN:172,(anonymous_9)
FN:196,(anonymous_10)
FN:200,(anonymous_11)
FN:215,(anonymous_12)
FN:221,(anonymous_13)
FN:237,(anonymous_14)
FN:250,(anonymous_15)
FN:256,(anonymous_16)
FNF:17
FNH:2
FNDA:20,(anonymous_0)
FNDA:5,(anonymous_1)
FNDA:0,(anonymous_2)
FNDA:0,(anonymous_3)
FNDA:0,(anonymous_4)
FNDA:0,(anonymous_5)
FNDA:0,(anonymous_6)
FNDA:0,(anonymous_7)
FNDA:0,(anonymous_8)
FNDA:0,(anonymous_9)
FNDA:0,(anonymous_10)
FNDA:0,(anonymous_11)
FNDA:0,(anonymous_12)
FNDA:0,(anonymous_13)
FNDA:0,(anonymous_14)
FNDA:0,(anonymous_15)
FNDA:0,(anonymous_16)
DA:9,1
DA:10,1
DA:11,1
DA:12,1
DA:14,1
DA:17,20
DA:18,20
DA:19,20
DA:21,20
DA:34,5
DA:39,5
DA:47,5
DA:49,15
DA:50,3
DA:52,12
DA:53,1
DA:55,11
DA:61,5
DA:62,5
DA:75,0
DA:76,0
DA:78,0
DA:79,0
DA:81,0
DA:83,0
DA:84,0
DA:85,0
DA:87,0
DA:93,0
DA:97,0
DA:98,0
DA:99,0
DA:102,0
DA:107,0
DA:109,0
DA:118,0
DA:122,0
DA:126,0
DA:127,0
DA:128,0
DA:129,0
DA:131,0
DA:135,0
DA:136,0
DA:138,0
DA:139,0
DA:140,0
DA:147,0
DA:155,0
DA:159,0
DA:164,0
DA:173,0
DA:177,0
DA:179,0
DA:187,0
DA:193,0
DA:197,0
DA:201,0
DA:207,0
DA:216,0
DA:217,0
DA:222,0
DA:223,0
DA:224,0
DA:225,0
DA:226,0
DA:227,0
DA:229,0
DA:234,0
DA:238,0
DA:239,0
DA:251,0
DA:252,0
DA:253,0
DA:257,0
DA:258,0
DA:263,0
DA:264,0
LF:78
LH:19
BRDA:9,0,0,1
BRDA:9,0,1,0
BRDA:10,1,0,1
BRDA:10,1,1,1
BRDA:11,2,0,1
BRDA:11,2,1,1
BRDA:12,3,0,1
BRDA:12,3,1,1
BRDA:16,4,0,20
BRDA:18,5,0,20
BRDA:18,5,1,0
BRDA:49,6,0,3
BRDA:49,6,1,12
BRDA:49,7,0,15
BRDA:49,7,1,4
BRDA:52,8,0,1
BRDA:52,8,1,11
BRDA:52,9,0,12
BRDA:52,9,1,1
BRDA:76,10,0,0
BRDA:76,10,1,0
BRDA:79,11,0,0
BRDA:79,11,1,0
BRDA:81,12,0,0
BRDA:81,12,1,0
BRDA:98,13,0,0
BRDA:98,13,1,0
BRDA:99,14,0,0
BRDA:99,14,1,0
BRDA:127,15,0,0
BRDA:127,15,1,0
BRDA:127,16,0,0
BRDA:127,16,1,0
BRDA:134,17,0,0
BRDA:138,18,0,0
BRDA:138,18,1,0
BRDA:172,19,0,0
BRDA:172,20,0,0
BRDA:172,21,0,0
BRDA:224,22,0,0
BRDA:224,22,1,0
BRDA:252,23,0,0
BRDA:252,23,1,0
BRF:43
BRH:17
end_of_record
TN:
SF:src\services\dataPointService.js
FN:4,validateDataPoint
FN:21,buildDataPoint
FN:33,insertDataPoint
FN:58,insertDataPointsBatch
FN:82,insertDataPoints
FN:88,getDataPointsByFile
FN:109,ensureIndexes
FN:117,deleteDataPointsByFile
FN:124,countDataPoints
FNF:9
FNH:0
FNDA:0,validateDataPoint
FNDA:0,buildDataPoint
FNDA:0,insertDataPoint
FNDA:0,insertDataPointsBatch
FNDA:0,insertDataPoints
FNDA:0,getDataPointsByFile
FNDA:0,ensureIndexes
FNDA:0,deleteDataPointsByFile
FNDA:0,countDataPoints
DA:5,0
DA:7,0
DA:9,0
DA:10,0
DA:13,0
DA:14,0
DA:17,0
DA:22,0
DA:28,0
DA:34,0
DA:35,0
DA:36,0
DA:39,0
DA:40,0
DA:43,0
DA:51,0
DA:59,0
DA:61,0
DA:62,0
DA:65,0
DA:72,0
DA:74,0
DA:83,0
DA:89,0
DA:90,0
DA:95,0
DA:97,0
DA:110,0
DA:111,0
DA:112,0
DA:118,0
DA:119,0
DA:125,0
LF:33
LH:0
BRDA:5,0,0,0
BRDA:5,0,1,0
BRDA:9,1,0,0
BRDA:9,1,1,0
BRDA:9,2,0,0
BRDA:9,2,1,0
BRDA:13,3,0,0
BRDA:13,3,1,0
BRDA:13,4,0,0
BRDA:13,4,1,0
BRDA:23,5,0,0
BRDA:23,5,1,0
BRDA:23,5,2,0
BRDA:24,6,0,0
BRDA:24,6,1,0
BRDA:24,6,2,0
BRDA:25,7,0,0
BRDA:25,7,1,0
BRDA:25,7,2,0
BRDA:33,8,0,0
BRDA:35,9,0,0
BRDA:35,9,1,0
BRDA:58,10,0,0
BRDA:58,11,0,0
BRDA:59,12,0,0
BRDA:59,12,1,0
BRDA:75,13,0,0
BRDA:75,13,1,0
BRDA:76,14,0,0
BRDA:76,14,1,0
BRDA:82,15,0,0
BRDA:82,16,0,0
BRDA:88,17,0,0
BRDA:88,18,0,0
BRDA:88,19,0,0
BRF:35
BRH:0
end_of_record
TN:
SF:src\services\jobService.js
FN:5,enqueueFileJob
FN:17,getJobStatus
FN:32,cancelJob
FN:43,getQueueStats
FN:46,(anonymous_4)
FN:47,(anonymous_5)
FN:48,(anonymous_6)
FN:49,(anonymous_7)
FN:50,(anonymous_8)
FNF:9
FNH:0
FNDA:0,enqueueFileJob
FNDA:0,getJobStatus
FNDA:0,cancelJob
FNDA:0,getQueueStats
FNDA:0,(anonymous_4)
FNDA:0,(anonymous_5)
FNDA:0,(anonymous_6)
FNDA:0,(anonymous_7)
FNDA:0,(anonymous_8)
DA:6,0
DA:7,0
DA:18,0
DA:19,0
DA:21,0
DA:33,0
DA:34,0
DA:37,0
DA:38,0
DA:44,0
DA:45,0
DA:46,0
DA:47,0
DA:48,0
DA:49,0
DA:50,0
LF:16
LH:0
BRDA:19,0,0,0
BRDA:19,0,1,0
BRDA:24,1,0,0
BRDA:24,1,1,0
BRDA:34,2,0,0
BRDA:34,2,1,0
BRF:6
BRH:0
end_of_record
TN:
SF:src\services\notificationService.js
FN:6,createNotification
FN:42,(anonymous_1)
FN:69,markAsRead
FN:78,markAllAsRead
FN:88,getNotifications
FN:98,getUnreadCount
FN:109,deleteNotification
FN:119,countAll
FNF:8
FNH:0
FNDA:0,createNotification
FNDA:0,(anonymous_1)
FNDA:0,markAsRead
FNDA:0,markAllAsRead
FNDA:0,getNotifications
FNDA:0,getUnreadCount
FNDA:0,deleteNotification
FNDA:0,countAll
DA:15,0
DA:18,0
DA:19,0
DA:22,0
DA:23,0
DA:28,0
DA:39,0
DA:40,0
DA:41,0
DA:42,0
DA:43,0
DA:46,0
DA:50,0
DA:51,0
DA:52,0
DA:59,0
DA:63,0
DA:70,0
DA:71,0
DA:72,0
DA:79,0
DA:89,0
DA:99,0
DA:110,0
DA:120,0
LF:25
LH:0
BRDA:11,0,0,0
BRDA:12,1,0,0
BRDA:13,2,0,0
BRDA:18,3,0,0
BRDA:18,3,1,0
BRDA:22,4,0,0
BRDA:22,4,1,0
BRDA:39,5,0,0
BRDA:39,5,1,0
BRDA:41,6,0,0
BRDA:41,6,1,0
BRDA:50,7,0,0
BRDA:50,7,1,0
BRDA:50,8,0,0
BRDA:50,8,1,0
BRDA:50,8,2,0
BRDA:71,9,0,0
BRDA:71,9,1,0
BRDA:88,10,0,0
BRDA:88,11,0,0
BRF:20
BRH:0
end_of_record
TN:
SF:src\services\socketService.js
FN:4,(anonymous_0)
FN:8,(anonymous_1)
FN:16,(anonymous_2)
FN:22,(anonymous_3)
FN:30,(anonymous_4)
FN:38,(anonymous_5)
FNF:6
FNH:0
FNDA:0,(anonymous_0)
FNDA:0,(anonymous_1)
FNDA:0,(anonymous_2)
FNDA:0,(anonymous_3)
FNDA:0,(anonymous_4)
FNDA:0,(anonymous_5)
DA:1,1
DA:3,1
DA:5,0
DA:9,0
DA:10,0
DA:11,0
DA:13,0
DA:17,0
DA:18,0
DA:19,0
DA:23,0
DA:24,0
DA:31,0
DA:32,0
DA:39,0
DA:40,0
LF:16
LH:2
BRDA:9,0,0,0
BRDA:9,0,1,0
BRDA:17,1,0,0
BRDA:17,1,1,0
BRDA:19,2,0,0
BRDA:19,2,1,0
BRDA:23,3,0,0
BRDA:23,3,1,0
BRDA:31,4,0,0
BRDA:31,4,1,0
BRDA:39,5,0,0
BRDA:39,5,1,0
BRF:12
BRH:0
end_of_record
TN:
SF:src\utils\authError.js
FN:2,(anonymous_0)
FNF:1
FNH:0
FNDA:0,(anonymous_0)
DA:2,1
DA:3,0
LF:2
LH:1
BRDA:5,0,0,0
BRDA:5,0,1,0
BRF:2
BRH:0
end_of_record
TN:
SF:src\utils\email.js
FN:94,(anonymous_0)
FN:98,(anonymous_1)
FN:127,(anonymous_2)
FN:129,(anonymous_3)
FN:135,(anonymous_4)
FN:159,(anonymous_5)
FN:170,(anonymous_6)
FNF:7
FNH:2
FNDA:5,(anonymous_0)
FNDA:0,(anonymous_1)
FNDA:0,(anonymous_2)
FNDA:0,(anonymous_3)
FNDA:5,(anonymous_4)
FNDA:0,(anonymous_5)
FNDA:0,(anonymous_6)
DA:91,1
DA:93,1
DA:95,5
DA:96,5
DA:98,0
DA:100,0
DA:102,0
DA:103,0
DA:111,0
DA:114,0
DA:126,1
DA:127,0
DA:128,0
DA:130,0
DA:135,1
DA:136,5
DA:137,5
DA:145,5
DA:147,5
DA:148,0
DA:151,5
DA:153,0
DA:154,0
DA:159,1
DA:160,0
DA:161,0
DA:170,1
DA:171,0
DA:172,0
LF:29
LH:13
BRDA:91,0,0,1
BRDA:91,0,1,0
BRDA:100,1,0,0
BRDA:100,1,1,0
BRDA:116,2,0,0
BRDA:116,2,1,0
BRDA:126,3,0,0
BRDA:126,3,1,1
BRDA:138,4,0,5
BRDA:138,4,1,0
BRDA:147,5,0,0
BRDA:147,5,1,5
BRF:12
BRH:4
end_of_record
TN:
SF:src\utils\logger.js
FN:14,(anonymous_0)
FN:30,(anonymous_1)
FN:39,(anonymous_2)
FNF:3
FNH:1
FNDA:91,(anonymous_0)
FNDA:0,(anonymous_1)
FNDA:0,(anonymous_2)
DA:5,1
DA:6,1
DA:8,1
DA:16,91
DA:17,0
DA:19,91
DA:30,1
DA:31,0
DA:39,1
DA:40,0
DA:41,0
DA:42,0
DA:43,0
DA:44,0
DA:46,0
DA:47,0
LF:16
LH:7
BRDA:9,0,0,1
BRDA:9,0,1,1
BRDA:16,1,0,0
BRDA:16,1,1,91
BRDA:16,2,0,91
BRDA:16,2,1,91
BRDA:19,3,0,91
BRDA:19,3,1,76
BRDA:39,4,0,0
BRDA:41,5,0,0
BRDA:41,5,1,0
BRF:11
BRH:7
end_of_record
TN:
SF:src\workers\fileProcessor.js
FN:6,processFileJob
FNF:1
FNH:0
FNDA:0,processFileJob
DA:8,0
DA:11,0
DA:12,0
DA:14,0
DA:16,0
DA:17,0
DA:22,0
DA:23,0
DA:24,0
DA:25,0
DA:27,0
DA:31,0
DA:32,0
DA:33,0
DA:35,0
DA:38,0
DA:39,0
DA:40,0
LF:18
LH:0
BRDA:12,0,0,0
BRDA:12,0,1,0
BRDA:22,1,0,0
BRDA:22,1,1,0
BRDA:24,2,0,0
BRDA:24,2,1,0
BRF:6
BRH:0
end_of_record
